Using pre-set license
Built from '2021.3/staging' branch; Version is '2021.3.2f1 (d6360bedb9a0) revision 14038539'; Using compiler version '192829333'; Build Type 'Release'
OS: 'Windows 10  (10.0.19044) 64bit Core' Language: 'en' Physical Memory: 16257 MB
BatchMode: 1, IsHumanControllingUs: 0, StartBugReporterOnCrash: 0, Is64bit: 1, IsPro: 1

COMMAND LINE ARGUMENTS:
C:\Program Files\2021.3.2f1\Editor\Unity.exe
-adb2
-batchMode
-noUpm
-name
AssetImportWorker0
-projectPath
C:/Users/Lenovo/Desktop/Beatsaber VR Project
-logFile
Logs/AssetImportWorker0.log
-srvPort
52498
Successfully changed project path to: C:/Users/Lenovo/Desktop/Beatsaber VR Project
C:/Users/Lenovo/Desktop/Beatsaber VR Project
[UnityMemory] Configuration Parameters - Can be set up in boot.config
    "memorysetup-bucket-allocator-granularity=16"
    "memorysetup-bucket-allocator-bucket-count=8"
    "memorysetup-bucket-allocator-block-size=33554432"
    "memorysetup-bucket-allocator-block-count=8"
    "memorysetup-main-allocator-block-size=16777216"
    "memorysetup-thread-allocator-block-size=16777216"
    "memorysetup-gfx-main-allocator-block-size=16777216"
    "memorysetup-gfx-thread-allocator-block-size=16777216"
    "memorysetup-cache-allocator-block-size=4194304"
    "memorysetup-typetree-allocator-block-size=2097152"
    "memorysetup-profiler-bucket-allocator-granularity=16"
    "memorysetup-profiler-bucket-allocator-bucket-count=8"
    "memorysetup-profiler-bucket-allocator-block-size=33554432"
    "memorysetup-profiler-bucket-allocator-block-count=8"
    "memorysetup-profiler-allocator-block-size=16777216"
    "memorysetup-profiler-editor-allocator-block-size=1048576"
    "memorysetup-temp-allocator-size-main=16777216"
    "memorysetup-job-temp-allocator-block-size=2097152"
    "memorysetup-job-temp-allocator-block-size-background=1048576"
    "memorysetup-job-temp-allocator-reduction-small-platforms=262144"
    "memorysetup-temp-allocator-size-background-worker=32768"
    "memorysetup-temp-allocator-size-job-worker=262144"
    "memorysetup-temp-allocator-size-preload-manager=33554432"
    "memorysetup-temp-allocator-size-nav-mesh-worker=65536"
    "memorysetup-temp-allocator-size-audio-worker=65536"
    "memorysetup-temp-allocator-size-cloud-worker=32768"
    "memorysetup-temp-allocator-size-gi-baking-worker=262144"
    "memorysetup-temp-allocator-size-gfx=262144"
Refreshing native plugins compatible for Editor in 152.89 ms, found 12 plugins.
Preloading 1 native plugins for Editor in 0.85 ms.
Initialize engine version: 2021.3.2f1 (d6360bedb9a0)
[Subsystems] Discovering subsystems at path C:/Program Files/2021.3.2f1/Editor/Data/Resources/UnitySubsystems
[Subsystems] Discovering subsystems at path C:/Users/Lenovo/Desktop/Beatsaber VR Project/Assets
GfxDevice: creating device client; threaded=0; jobified=0
Direct3D:
    Version:  Direct3D 11.0 [level 11.1]
    Renderer: NVIDIA GeForce GTX 1060 (ID=0x1c20)
    Vendor:   NVIDIA
    VRAM:     6052 MB
    Driver:   30.0.14.7111
Shader 'Oculus/OVRMRCameraFrameLit': fallback shader 'Alpha-Diffuse' not found
Initialize mono
Mono path[0] = 'C:/Program Files/2021.3.2f1/Editor/Data/Managed'
Mono path[1] = 'C:/Program Files/2021.3.2f1/Editor/Data/MonoBleedingEdge/lib/mono/unityjit-win32'
Mono config path = 'C:/Program Files/2021.3.2f1/Editor/Data/MonoBleedingEdge/etc'
Using monoOptions --debugger-agent=transport=dt_socket,embedding=1,server=y,suspend=n,address=127.0.0.1:56888
Begin MonoManager ReloadAssembly
Registering precompiled unity dll's ...
Register platform support module: C:/Program Files/2021.3.2f1/Editor/Data/PlaybackEngines/WebGLSupport/UnityEditor.WebGL.Extensions.dll
Register platform support module: C:/Program Files/2021.3.2f1/Editor/Data/PlaybackEngines/WindowsStandaloneSupport/UnityEditor.WindowsStandalone.Extensions.dll
Registered in 0.012007 seconds.
Native extension for WindowsStandalone target not found
Native extension for WebGL target not found
Refreshing native plugins compatible for Editor in 133.19 ms, found 12 plugins.
Preloading 1 native plugins for Editor in 0.08 ms.
Mono: successfully reloaded assembly
- Completed reload, in  0.853 seconds
Domain Reload Profiling:
	ReloadAssembly (854ms)
		BeginReloadAssembly (120ms)
			ExecutionOrderSort (0ms)
			DisableScriptedObjects (0ms)
			BackupInstance (0ms)
			ReleaseScriptingObjects (0ms)
			CreateAndSetChildDomain (1ms)
		EndReloadAssembly (556ms)
			LoadAssemblies (117ms)
			RebuildTransferFunctionScriptingTraits (0ms)
			SetupTypeCache (146ms)
			ReleaseScriptCaches (0ms)
			RebuildScriptCaches (29ms)
			SetupLoadedEditorAssemblies (319ms)
				LogAssemblyErrors (0ms)
				InitializePlatformSupportModulesInManaged (10ms)
				SetLoadedEditorAssemblies (0ms)
				RefreshPlugins (133ms)
				BeforeProcessingInitializeOnLoad (1ms)
				ProcessInitializeOnLoadAttributes (126ms)
				ProcessInitializeOnLoadMethodAttributes (48ms)
				AfterProcessingInitializeOnLoad (0ms)
				EditorAssembliesLoaded (0ms)
			ExecutionOrderSort2 (0ms)
			AwakeInstancesAfterBackupRestoration (0ms)
Platform modules already initialized, skipping
Registering precompiled user dll's ...
Registered in 0.013560 seconds.
Begin MonoManager ReloadAssembly
Symbol file LoadedFromMemory doesn't match image C:\Users\Lenovo\Desktop\Beatsaber VR Project\Library\PackageCache\com.unity.visualscripting@1.7.6\Editor\VisualScripting.Core\Dependencies\DotNetZip\Unity.VisualScripting.IonicZip.dll
Symbol file LoadedFromMemory doesn't match image C:\Users\Lenovo\Desktop\Beatsaber VR Project\Library\PackageCache\com.unity.visualscripting@1.7.6\Editor\VisualScripting.Core\Dependencies\YamlDotNet\Unity.VisualScripting.YamlDotNet.dll
Native extension for WindowsStandalone target not found
Native extension for WebGL target not found
Refreshing native plugins compatible for Editor in 214.73 ms, found 12 plugins.
Preloading 1 native plugins for Editor in 0.08 ms.
Package Manager log level set to [2]
[XR] OculusXRPlugin: registering subsystems
[XR] Unable to register display lifecyle provider: [1]
[XR] Oculus Input lifecycle provider registered.
[XR] Unable to register input lifecyle provider: [1]
[XR] OVRP version 1.71.0
Mono: successfully reloaded assembly
- Completed reload, in  2.177 seconds
Domain Reload Profiling:
	ReloadAssembly (2180ms)
		BeginReloadAssembly (130ms)
			ExecutionOrderSort (0ms)
			DisableScriptedObjects (6ms)
			BackupInstance (0ms)
			ReleaseScriptingObjects (0ms)
			CreateAndSetChildDomain (22ms)
		EndReloadAssembly (1914ms)
			LoadAssemblies (116ms)
			RebuildTransferFunctionScriptingTraits (0ms)
			SetupTypeCache (405ms)
			ReleaseScriptCaches (5ms)
			RebuildScriptCaches (177ms)
			SetupLoadedEditorAssemblies (1035ms)
				LogAssemblyErrors (0ms)
				InitializePlatformSupportModulesInManaged (11ms)
				SetLoadedEditorAssemblies (0ms)
				RefreshPlugins (215ms)
				BeforeProcessingInitializeOnLoad (220ms)
				ProcessInitializeOnLoadAttributes (493ms)
				ProcessInitializeOnLoadMethodAttributes (81ms)
				AfterProcessingInitializeOnLoad (15ms)
				EditorAssembliesLoaded (0ms)
			ExecutionOrderSort2 (0ms)
			AwakeInstancesAfterBackupRestoration (17ms)
Platform modules already initialized, skipping
========================================================================
Worker process is ready to serve import requests
Shader 'Oculus/OVRMRCameraFrameLit': fallback shader 'Alpha-Diffuse' not found
Launched and connected shader compiler UnityShaderCompiler.exe after 0.06 seconds
Refreshing native plugins compatible for Editor in 2.47 ms, found 12 plugins.
Preloading 1 native plugins for Editor in 0.14 ms.
Unloading 5110 Unused Serialized files (Serialized files now loaded: 0)
Unloading 72 unused Assets / (191.2 KB). Loaded Objects now: 5534.
Memory consumption went from 255.7 MB to 255.5 MB.
Total: 4.639700 ms (FindLiveObjects: 0.450000 ms CreateObjectMapping: 0.386100 ms MarkObjects: 3.595500 ms  DeleteObjects: 0.206900 ms)

AssetImportParameters requested are different than current active one (requested -> active):
  custom:video-decoder-ogg-theora: a1e56fd34408186e4bbccfd4996cb3dc -> 
  custom:container-muxer-webm: aa71ff27fc2769a1b78a27578f13a17b -> 
  custom:container-demuxer-webm: 4f35f7cbe854078d1ac9338744f61a02 -> 
  custom:video-encoder-webm-vp8: eb34c28f22e8b96e1ab97ce403110664 -> 
  custom:video-codec-MediaFoundation-h265: 746d11721c4dcdbdad8f713fa42b33f4 -> 
  custom:audio-encoder-webm-vorbis: bf7c407c2cedff20999df2af8eb42d56 -> 
  custom:framework-win-MediaFoundation: 216162199b28c13a410421893ffa2e32 -> 
  custom:container-demuxer-ogg: 62fdf1f143b41e24485cea50d1cbac27 -> 
  custom:video-decoder-webm-vp8: 9c59270c3fd7afecdb556c50c9e8de78 -> 
  custom:audio-decoder-ogg-vorbis: bf7c407c2cedff20999df2af8eb42d56 -> 
========================================================================
Received Import Request.
  Time since last request: 524234.527985 seconds.
  path: Assets/Saber.cs
  artifactKey: Guid(e51469e8bd29a1046bb971e380673ea9) Importer(815301076,1909f56bfc062723c751e8b465ee728b)
Start importing Assets/Saber.cs using Guid(e51469e8bd29a1046bb971e380673ea9) Importer(815301076,1909f56bfc062723c751e8b465ee728b)  -> (artifact id: '84822056419e0977808653daf022e7d7') in 0.041676 seconds 
========================================================================
Received Import Request.
  Time since last request: 100.738080 seconds.
  path: Assets/Saber.cs
  artifactKey: Guid(e51469e8bd29a1046bb971e380673ea9) Importer(815301076,1909f56bfc062723c751e8b465ee728b)
Start importing Assets/Saber.cs using Guid(e51469e8bd29a1046bb971e380673ea9) Importer(815301076,1909f56bfc062723c751e8b465ee728b)  -> (artifact id: '710bfa816e5c40eaa3682527caf47a77') in 0.001922 seconds 
========================================================================
Received Prepare
Registering precompiled user dll's ...
Registered in 0.014924 seconds.
Begin MonoManager ReloadAssembly
Symbol file LoadedFromMemory doesn't match image C:\Users\Lenovo\Desktop\Beatsaber VR Project\Library\PackageCache\com.unity.visualscripting@1.7.6\Editor\VisualScripting.Core\Dependencies\DotNetZip\Unity.VisualScripting.IonicZip.dll
Symbol file LoadedFromMemory doesn't match image C:\Users\Lenovo\Desktop\Beatsaber VR Project\Library\PackageCache\com.unity.visualscripting@1.7.6\Editor\VisualScripting.Core\Dependencies\YamlDotNet\Unity.VisualScripting.YamlDotNet.dll
Native extension for WindowsStandalone target not found
Native extension for WebGL target not found
Refreshing native plugins compatible for Editor in 1.25 ms, found 12 plugins.
Preloading 1 native plugins for Editor in 0.08 ms.
Mono: successfully reloaded assembly
- Completed reload, in  1.425 seconds
Domain Reload Profiling:
	ReloadAssembly (1426ms)
		BeginReloadAssembly (163ms)
			ExecutionOrderSort (0ms)
			DisableScriptedObjects (5ms)
			BackupInstance (0ms)
			ReleaseScriptingObjects (0ms)
			CreateAndSetChildDomain (44ms)
		EndReloadAssembly (1129ms)
			LoadAssemblies (147ms)
			RebuildTransferFunctionScriptingTraits (0ms)
			SetupTypeCache (439ms)
			ReleaseScriptCaches (1ms)
			RebuildScriptCaches (48ms)
			SetupLoadedEditorAssemblies (433ms)
				LogAssemblyErrors (0ms)
				InitializePlatformSupportModulesInManaged (15ms)
				SetLoadedEditorAssemblies (1ms)
				RefreshPlugins (1ms)
				BeforeProcessingInitializeOnLoad (92ms)
				ProcessInitializeOnLoadAttributes (275ms)
				ProcessInitializeOnLoadMethodAttributes (34ms)
				AfterProcessingInitializeOnLoad (14ms)
				EditorAssembliesLoaded (0ms)
			ExecutionOrderSort2 (0ms)
			AwakeInstancesAfterBackupRestoration (11ms)
Platform modules already initialized, skipping
Shader 'Oculus/OVRMRCameraFrameLit': fallback shader 'Alpha-Diffuse' not found
Refreshing native plugins compatible for Editor in 9.14 ms, found 12 plugins.
Preloading 1 native plugins for Editor in 0.06 ms.
Unloading 5026 Unused Serialized files (Serialized files now loaded: 0)
Unloading 62 unused Assets / (166.6 KB). Loaded Objects now: 5538.
Memory consumption went from 249.1 MB to 248.9 MB.
Total: 4.955300 ms (FindLiveObjects: 0.608800 ms CreateObjectMapping: 0.465500 ms MarkObjects: 3.704700 ms  DeleteObjects: 0.174800 ms)

AssetImportParameters requested are different than current active one (requested -> active):
  custom:video-decoder-ogg-theora: a1e56fd34408186e4bbccfd4996cb3dc -> 
  custom:container-muxer-webm: aa71ff27fc2769a1b78a27578f13a17b -> 
  custom:container-demuxer-webm: 4f35f7cbe854078d1ac9338744f61a02 -> 
  custom:video-encoder-webm-vp8: eb34c28f22e8b96e1ab97ce403110664 -> 
  custom:video-codec-MediaFoundation-h265: 746d11721c4dcdbdad8f713fa42b33f4 -> 
  custom:audio-encoder-webm-vorbis: bf7c407c2cedff20999df2af8eb42d56 -> 
  custom:framework-win-MediaFoundation: 216162199b28c13a410421893ffa2e32 -> 
  custom:container-demuxer-ogg: 62fdf1f143b41e24485cea50d1cbac27 -> 
  custom:video-decoder-webm-vp8: 9c59270c3fd7afecdb556c50c9e8de78 -> 
  custom:audio-decoder-ogg-vorbis: bf7c407c2cedff20999df2af8eb42d56 -> 
========================================================================
Received Prepare
Registering precompiled user dll's ...
Registered in 0.018591 seconds.
Begin MonoManager ReloadAssembly
Symbol file LoadedFromMemory doesn't match image C:\Users\Lenovo\Desktop\Beatsaber VR Project\Library\PackageCache\com.unity.visualscripting@1.7.6\Editor\VisualScripting.Core\Dependencies\DotNetZip\Unity.VisualScripting.IonicZip.dll
Symbol file LoadedFromMemory doesn't match image C:\Users\Lenovo\Desktop\Beatsaber VR Project\Library\PackageCache\com.unity.visualscripting@1.7.6\Editor\VisualScripting.Core\Dependencies\YamlDotNet\Unity.VisualScripting.YamlDotNet.dll
Native extension for WindowsStandalone target not found
Native extension for WebGL target not found
Refreshing native plugins compatible for Editor in 2.69 ms, found 12 plugins.
Preloading 1 native plugins for Editor in 0.11 ms.
Mono: successfully reloaded assembly
- Completed reload, in  1.866 seconds
Domain Reload Profiling:
	ReloadAssembly (1867ms)
		BeginReloadAssembly (171ms)
			ExecutionOrderSort (0ms)
			DisableScriptedObjects (5ms)
			BackupInstance (0ms)
			ReleaseScriptingObjects (0ms)
			CreateAndSetChildDomain (53ms)
		EndReloadAssembly (1576ms)
			LoadAssemblies (120ms)
			RebuildTransferFunctionScriptingTraits (0ms)
			SetupTypeCache (375ms)
			ReleaseScriptCaches (2ms)
			RebuildScriptCaches (66ms)
			SetupLoadedEditorAssemblies (901ms)
				LogAssemblyErrors (0ms)
				InitializePlatformSupportModulesInManaged (27ms)
				SetLoadedEditorAssemblies (1ms)
				RefreshPlugins (3ms)
				BeforeProcessingInitializeOnLoad (150ms)
				ProcessInitializeOnLoadAttributes (639ms)
				ProcessInitializeOnLoadMethodAttributes (66ms)
				AfterProcessingInitializeOnLoad (14ms)
				EditorAssembliesLoaded (0ms)
			ExecutionOrderSort2 (0ms)
			AwakeInstancesAfterBackupRestoration (14ms)
Platform modules already initialized, skipping
Shader 'Oculus/OVRMRCameraFrameLit': fallback shader 'Alpha-Diffuse' not found
Refreshing native plugins compatible for Editor in 20.65 ms, found 12 plugins.
Preloading 1 native plugins for Editor in 0.11 ms.
Unloading 5026 Unused Serialized files (Serialized files now loaded: 0)
Unloading 62 unused Assets / (166.7 KB). Loaded Objects now: 5542.
Memory consumption went from 249.1 MB to 249.0 MB.
Total: 8.207400 ms (FindLiveObjects: 0.438300 ms CreateObjectMapping: 0.668600 ms MarkObjects: 6.810900 ms  DeleteObjects: 0.288400 ms)

AssetImportParameters requested are different than current active one (requested -> active):
  custom:video-decoder-ogg-theora: a1e56fd34408186e4bbccfd4996cb3dc -> 
  custom:container-muxer-webm: aa71ff27fc2769a1b78a27578f13a17b -> 
  custom:container-demuxer-webm: 4f35f7cbe854078d1ac9338744f61a02 -> 
  custom:video-encoder-webm-vp8: eb34c28f22e8b96e1ab97ce403110664 -> 
  custom:video-codec-MediaFoundation-h265: 746d11721c4dcdbdad8f713fa42b33f4 -> 
  custom:audio-encoder-webm-vorbis: bf7c407c2cedff20999df2af8eb42d56 -> 
  custom:framework-win-MediaFoundation: 216162199b28c13a410421893ffa2e32 -> 
  custom:container-demuxer-ogg: 62fdf1f143b41e24485cea50d1cbac27 -> 
  custom:video-decoder-webm-vp8: 9c59270c3fd7afecdb556c50c9e8de78 -> 
  custom:audio-decoder-ogg-vorbis: bf7c407c2cedff20999df2af8eb42d56 -> 
========================================================================
Received Prepare
Registering precompiled user dll's ...
Registered in 0.016267 seconds.
Begin MonoManager ReloadAssembly
Symbol file LoadedFromMemory doesn't match image C:\Users\Lenovo\Desktop\Beatsaber VR Project\Library\PackageCache\com.unity.visualscripting@1.7.6\Editor\VisualScripting.Core\Dependencies\DotNetZip\Unity.VisualScripting.IonicZip.dll
Symbol file LoadedFromMemory doesn't match image C:\Users\Lenovo\Desktop\Beatsaber VR Project\Library\PackageCache\com.unity.visualscripting@1.7.6\Editor\VisualScripting.Core\Dependencies\YamlDotNet\Unity.VisualScripting.YamlDotNet.dll
Native extension for WindowsStandalone target not found
Native extension for WebGL target not found
Refreshing native plugins compatible for Editor in 5.22 ms, found 12 plugins.
Preloading 1 native plugins for Editor in 0.13 ms.
Mono: successfully reloaded assembly
- Completed reload, in  1.806 seconds
Domain Reload Profiling:
	ReloadAssembly (1807ms)
		BeginReloadAssembly (219ms)
			ExecutionOrderSort (0ms)
			DisableScriptedObjects (6ms)
			BackupInstance (0ms)
			ReleaseScriptingObjects (0ms)
			CreateAndSetChildDomain (70ms)
		EndReloadAssembly (1449ms)
			LoadAssemblies (158ms)
			RebuildTransferFunctionScriptingTraits (0ms)
			SetupTypeCache (466ms)
			ReleaseScriptCaches (3ms)
			RebuildScriptCaches (65ms)
			SetupLoadedEditorAssemblies (648ms)
				LogAssemblyErrors (0ms)
				InitializePlatformSupportModulesInManaged (26ms)
				SetLoadedEditorAssemblies (1ms)
				RefreshPlugins (6ms)
				BeforeProcessingInitializeOnLoad (153ms)
				ProcessInitializeOnLoadAttributes (410ms)
				ProcessInitializeOnLoadMethodAttributes (42ms)
				AfterProcessingInitializeOnLoad (10ms)
				EditorAssembliesLoaded (0ms)
			ExecutionOrderSort2 (0ms)
			AwakeInstancesAfterBackupRestoration (12ms)
Platform modules already initialized, skipping
Shader 'Oculus/OVRMRCameraFrameLit': fallback shader 'Alpha-Diffuse' not found
Refreshing native plugins compatible for Editor in 11.19 ms, found 12 plugins.
Preloading 1 native plugins for Editor in 0.06 ms.
Unloading 5026 Unused Serialized files (Serialized files now loaded: 0)
Unloading 62 unused Assets / (166.8 KB). Loaded Objects now: 5546.
Memory consumption went from 249.1 MB to 249.0 MB.
Total: 5.319500 ms (FindLiveObjects: 0.695300 ms CreateObjectMapping: 0.553800 ms MarkObjects: 3.906000 ms  DeleteObjects: 0.162600 ms)

AssetImportParameters requested are different than current active one (requested -> active):
  custom:video-decoder-ogg-theora: a1e56fd34408186e4bbccfd4996cb3dc -> 
  custom:container-muxer-webm: aa71ff27fc2769a1b78a27578f13a17b -> 
  custom:container-demuxer-webm: 4f35f7cbe854078d1ac9338744f61a02 -> 
  custom:video-encoder-webm-vp8: eb34c28f22e8b96e1ab97ce403110664 -> 
  custom:video-codec-MediaFoundation-h265: 746d11721c4dcdbdad8f713fa42b33f4 -> 
  custom:audio-encoder-webm-vorbis: bf7c407c2cedff20999df2af8eb42d56 -> 
  custom:framework-win-MediaFoundation: 216162199b28c13a410421893ffa2e32 -> 
  custom:container-demuxer-ogg: 62fdf1f143b41e24485cea50d1cbac27 -> 
  custom:video-decoder-webm-vp8: 9c59270c3fd7afecdb556c50c9e8de78 -> 
  custom:audio-decoder-ogg-vorbis: bf7c407c2cedff20999df2af8eb42d56 -> 
========================================================================
Received Prepare
Registering precompiled user dll's ...
Registered in 0.016114 seconds.
Begin MonoManager ReloadAssembly
Symbol file LoadedFromMemory doesn't match image C:\Users\Lenovo\Desktop\Beatsaber VR Project\Library\PackageCache\com.unity.visualscripting@1.7.6\Editor\VisualScripting.Core\Dependencies\DotNetZip\Unity.VisualScripting.IonicZip.dll
Symbol file LoadedFromMemory doesn't match image C:\Users\Lenovo\Desktop\Beatsaber VR Project\Library\PackageCache\com.unity.visualscripting@1.7.6\Editor\VisualScripting.Core\Dependencies\YamlDotNet\Unity.VisualScripting.YamlDotNet.dll
Native extension for WindowsStandalone target not found
Native extension for WebGL target not found
Refreshing native plugins compatible for Editor in 2.71 ms, found 12 plugins.
Preloading 1 native plugins for Editor in 0.25 ms.
Mono: successfully reloaded assembly
- Completed reload, in  1.754 seconds
Domain Reload Profiling:
	ReloadAssembly (1756ms)
		BeginReloadAssembly (178ms)
			ExecutionOrderSort (0ms)
			DisableScriptedObjects (4ms)
			BackupInstance (0ms)
			ReleaseScriptingObjects (0ms)
			CreateAndSetChildDomain (52ms)
		EndReloadAssembly (1456ms)
			LoadAssemblies (135ms)
			RebuildTransferFunctionScriptingTraits (0ms)
			SetupTypeCache (490ms)
			ReleaseScriptCaches (2ms)
			RebuildScriptCaches (90ms)
			SetupLoadedEditorAssemblies (664ms)
				LogAssemblyErrors (0ms)
				InitializePlatformSupportModulesInManaged (18ms)
				SetLoadedEditorAssemblies (1ms)
				RefreshPlugins (3ms)
				BeforeProcessingInitializeOnLoad (104ms)
				ProcessInitializeOnLoadAttributes (461ms)
				ProcessInitializeOnLoadMethodAttributes (58ms)
				AfterProcessingInitializeOnLoad (19ms)
				EditorAssembliesLoaded (0ms)
			ExecutionOrderSort2 (0ms)
			AwakeInstancesAfterBackupRestoration (14ms)
Platform modules already initialized, skipping
Shader 'Oculus/OVRMRCameraFrameLit': fallback shader 'Alpha-Diffuse' not found
Refreshing native plugins compatible for Editor in 12.68 ms, found 12 plugins.
Preloading 1 native plugins for Editor in 0.14 ms.
Unloading 5026 Unused Serialized files (Serialized files now loaded: 0)
Unloading 62 unused Assets / (166.5 KB). Loaded Objects now: 5550.
Memory consumption went from 249.1 MB to 249.0 MB.
Total: 4.512300 ms (FindLiveObjects: 0.433700 ms CreateObjectMapping: 0.366000 ms MarkObjects: 3.550000 ms  DeleteObjects: 0.161000 ms)

AssetImportParameters requested are different than current active one (requested -> active):
  custom:video-decoder-ogg-theora: a1e56fd34408186e4bbccfd4996cb3dc -> 
  custom:container-muxer-webm: aa71ff27fc2769a1b78a27578f13a17b -> 
  custom:container-demuxer-webm: 4f35f7cbe854078d1ac9338744f61a02 -> 
  custom:video-encoder-webm-vp8: eb34c28f22e8b96e1ab97ce403110664 -> 
  custom:video-codec-MediaFoundation-h265: 746d11721c4dcdbdad8f713fa42b33f4 -> 
  custom:audio-encoder-webm-vorbis: bf7c407c2cedff20999df2af8eb42d56 -> 
  custom:framework-win-MediaFoundation: 216162199b28c13a410421893ffa2e32 -> 
  custom:container-demuxer-ogg: 62fdf1f143b41e24485cea50d1cbac27 -> 
  custom:video-decoder-webm-vp8: 9c59270c3fd7afecdb556c50c9e8de78 -> 
  custom:audio-decoder-ogg-vorbis: bf7c407c2cedff20999df2af8eb42d56 -> 
========================================================================
Received Import Request.
  Time since last request: 377.334548 seconds.
  path: Assets/RedCube.prefab
  artifactKey: Guid(61eea7102a907494f8d6015a6a3076f3) Importer(815301076,1909f56bfc062723c751e8b465ee728b)
Start importing Assets/RedCube.prefab using Guid(61eea7102a907494f8d6015a6a3076f3) Importer(815301076,1909f56bfc062723c751e8b465ee728b)  -> (artifact id: '077678c5c63fb7f098f20a48c619c6af') in 0.132298 seconds 
========================================================================
Received Import Request.
  Time since last request: 15.361413 seconds.
  path: Assets/RedCube.prefab
  artifactKey: Guid(61eea7102a907494f8d6015a6a3076f3) Importer(815301076,1909f56bfc062723c751e8b465ee728b)
Start importing Assets/RedCube.prefab using Guid(61eea7102a907494f8d6015a6a3076f3) Importer(815301076,1909f56bfc062723c751e8b465ee728b)  -> (artifact id: '628be995e7a15ea734c3c4092221562c') in 0.011530 seconds 
========================================================================
Received Import Request.
  Time since last request: 0.578376 seconds.
  path: Assets/RedCube.prefab
  artifactKey: Guid(61eea7102a907494f8d6015a6a3076f3) Importer(815301076,1909f56bfc062723c751e8b465ee728b)
Start importing Assets/RedCube.prefab using Guid(61eea7102a907494f8d6015a6a3076f3) Importer(815301076,1909f56bfc062723c751e8b465ee728b)  -> (artifact id: 'd698723003c721f3ecc02462980c4e9c') in 0.009635 seconds 
========================================================================
Received Prepare
Registering precompiled user dll's ...
Registered in 0.020377 seconds.
Begin MonoManager ReloadAssembly
Symbol file LoadedFromMemory doesn't match image C:\Users\Lenovo\Desktop\Beatsaber VR Project\Library\PackageCache\com.unity.visualscripting@1.7.6\Editor\VisualScripting.Core\Dependencies\DotNetZip\Unity.VisualScripting.IonicZip.dll
Symbol file LoadedFromMemory doesn't match image C:\Users\Lenovo\Desktop\Beatsaber VR Project\Library\PackageCache\com.unity.visualscripting@1.7.6\Editor\VisualScripting.Core\Dependencies\YamlDotNet\Unity.VisualScripting.YamlDotNet.dll
Native extension for WindowsStandalone target not found
Native extension for WebGL target not found
Refreshing native plugins compatible for Editor in 3.52 ms, found 12 plugins.
Preloading 1 native plugins for Editor in 0.27 ms.
Mono: successfully reloaded assembly
- Completed reload, in  1.797 seconds
Domain Reload Profiling:
	ReloadAssembly (1798ms)
		BeginReloadAssembly (198ms)
			ExecutionOrderSort (0ms)
			DisableScriptedObjects (6ms)
			BackupInstance (0ms)
			ReleaseScriptingObjects (0ms)
			CreateAndSetChildDomain (57ms)
		EndReloadAssembly (1440ms)
			LoadAssemblies (145ms)
			RebuildTransferFunctionScriptingTraits (0ms)
			SetupTypeCache (407ms)
			ReleaseScriptCaches (2ms)
			RebuildScriptCaches (79ms)
			SetupLoadedEditorAssemblies (698ms)
				LogAssemblyErrors (0ms)
				InitializePlatformSupportModulesInManaged (37ms)
				SetLoadedEditorAssemblies (2ms)
				RefreshPlugins (4ms)
				BeforeProcessingInitializeOnLoad (153ms)
				ProcessInitializeOnLoadAttributes (434ms)
				ProcessInitializeOnLoadMethodAttributes (54ms)
				AfterProcessingInitializeOnLoad (14ms)
				EditorAssembliesLoaded (0ms)
			ExecutionOrderSort2 (0ms)
			AwakeInstancesAfterBackupRestoration (9ms)
Platform modules already initialized, skipping
Shader 'Oculus/OVRMRCameraFrameLit': fallback shader 'Alpha-Diffuse' not found
Refreshing native plugins compatible for Editor in 13.44 ms, found 12 plugins.
Preloading 1 native plugins for Editor in 0.08 ms.
Unloading 5026 Unused Serialized files (Serialized files now loaded: 0)
Unloading 62 unused Assets / (158.8 KB). Loaded Objects now: 5561.
Memory consumption went from 253.2 MB to 253.1 MB.
Total: 7.005700 ms (FindLiveObjects: 0.625100 ms CreateObjectMapping: 0.981800 ms MarkObjects: 4.972400 ms  DeleteObjects: 0.424600 ms)

AssetImportParameters requested are different than current active one (requested -> active):
  custom:video-decoder-ogg-theora: a1e56fd34408186e4bbccfd4996cb3dc -> 
  custom:container-muxer-webm: aa71ff27fc2769a1b78a27578f13a17b -> 
  custom:container-demuxer-webm: 4f35f7cbe854078d1ac9338744f61a02 -> 
  custom:video-encoder-webm-vp8: eb34c28f22e8b96e1ab97ce403110664 -> 
  custom:video-codec-MediaFoundation-h265: 746d11721c4dcdbdad8f713fa42b33f4 -> 
  custom:audio-encoder-webm-vorbis: bf7c407c2cedff20999df2af8eb42d56 -> 
  custom:framework-win-MediaFoundation: 216162199b28c13a410421893ffa2e32 -> 
  custom:container-demuxer-ogg: 62fdf1f143b41e24485cea50d1cbac27 -> 
  custom:video-decoder-webm-vp8: 9c59270c3fd7afecdb556c50c9e8de78 -> 
  custom:audio-decoder-ogg-vorbis: bf7c407c2cedff20999df2af8eb42d56 -> 
========================================================================
Received Import Request.
  Time since last request: 116.248194 seconds.
  path: Assets/BlueCube.prefab
  artifactKey: Guid(aaefaacb3360e784ca015ecc12e54285) Importer(815301076,1909f56bfc062723c751e8b465ee728b)
Start importing Assets/BlueCube.prefab using Guid(aaefaacb3360e784ca015ecc12e54285) Importer(815301076,1909f56bfc062723c751e8b465ee728b)  -> (artifact id: '7f39c4cf85ecbdc469133944bde9d7a4') in 0.075169 seconds 
========================================================================
Received Import Request.
  Time since last request: 1.685126 seconds.
  path: Assets/BlueCube.prefab
  artifactKey: Guid(aaefaacb3360e784ca015ecc12e54285) Importer(815301076,1909f56bfc062723c751e8b465ee728b)
Start importing Assets/BlueCube.prefab using Guid(aaefaacb3360e784ca015ecc12e54285) Importer(815301076,1909f56bfc062723c751e8b465ee728b)  -> (artifact id: '92dbdfcbbc4f55370d47b8db4eab5835') in 0.011277 seconds 
========================================================================
Received Import Request.
  Time since last request: 0.375816 seconds.
  path: Assets/BlueCube.prefab
  artifactKey: Guid(aaefaacb3360e784ca015ecc12e54285) Importer(815301076,1909f56bfc062723c751e8b465ee728b)
Start importing Assets/BlueCube.prefab using Guid(aaefaacb3360e784ca015ecc12e54285) Importer(815301076,1909f56bfc062723c751e8b465ee728b)  -> (artifact id: 'c2f4cc2d9f65aba23b44947482f28bee') in 0.009234 seconds 
========================================================================
Received Import Request.
  Time since last request: 66.412880 seconds.
  path: Assets/RedCube.prefab
  artifactKey: Guid(61eea7102a907494f8d6015a6a3076f3) Importer(815301076,1909f56bfc062723c751e8b465ee728b)
Start importing Assets/RedCube.prefab using Guid(61eea7102a907494f8d6015a6a3076f3) Importer(815301076,1909f56bfc062723c751e8b465ee728b)  -> (artifact id: '78f974300a66faa096ddf9620db0e5b6') in 0.018990 seconds 
========================================================================
Received Import Request.
  Time since last request: 11.985750 seconds.
  path: Assets/Resources
  artifactKey: Guid(dfc6020380013554b8cb7ee080e38dd8) Importer(815301076,1909f56bfc062723c751e8b465ee728b)
Start importing Assets/Resources using Guid(dfc6020380013554b8cb7ee080e38dd8) Importer(815301076,1909f56bfc062723c751e8b465ee728b)  -> (artifact id: '25d9659209715c3daecdea3c0fdc5bad') in 0.002500 seconds 
========================================================================
Received Import Request.
  Time since last request: 1.584751 seconds.
  path: Assets/Resources/OculusRuntimeSettings.asset
  artifactKey: Guid(98585816fabf78342aff0864b8f429ac) Importer(815301076,1909f56bfc062723c751e8b465ee728b)
Start importing Assets/Resources/OculusRuntimeSettings.asset using Guid(98585816fabf78342aff0864b8f429ac) Importer(815301076,1909f56bfc062723c751e8b465ee728b)  -> (artifact id: 'e89772e29916ee06e53c86a238b62048') in 0.005482 seconds 
========================================================================
Received Import Request.
  Time since last request: 0.000025 seconds.
  path: Assets/Resources/OVRPlatformToolSettings.asset
  artifactKey: Guid(9507be23eb1ab044d973eb34774c378f) Importer(815301076,1909f56bfc062723c751e8b465ee728b)
Start importing Assets/Resources/OVRPlatformToolSettings.asset using Guid(9507be23eb1ab044d973eb34774c378f) Importer(815301076,1909f56bfc062723c751e8b465ee728b)  -> (artifact id: '20f67899b3676623e50a420f218fde53') in 0.006435 seconds 
========================================================================
Received Import Request.
  Time since last request: 3.186043 seconds.
  path: Assets/ExampleAssets
  artifactKey: Guid(83b7bbecd9fac4db9824039903a1eea8) Importer(815301076,1909f56bfc062723c751e8b465ee728b)
Start importing Assets/ExampleAssets using Guid(83b7bbecd9fac4db9824039903a1eea8) Importer(815301076,1909f56bfc062723c751e8b465ee728b)  -> (artifact id: '7e87ec44381814a26b24ab8af8480de6') in 0.001904 seconds 
========================================================================
Received Import Request.
  Time since last request: 3.284630 seconds.
  path: Assets/ExampleAssets/Models
  artifactKey: Guid(4a0dd92c4753243b18b4100cf4991b5b) Importer(815301076,1909f56bfc062723c751e8b465ee728b)
Start importing Assets/ExampleAssets/Models using Guid(4a0dd92c4753243b18b4100cf4991b5b) Importer(815301076,1909f56bfc062723c751e8b465ee728b)  -> (artifact id: 'db20ab0114199690f5053c1bf1416a04') in 0.001879 seconds 
========================================================================
Received Import Request.
  Time since last request: 0.000036 seconds.
  path: Assets/ExampleAssets/Models/XRControllerRight.fbx
  artifactKey: Guid(2d10b9b89f2474de9800b152c3d00004) Importer(815301076,1909f56bfc062723c751e8b465ee728b)
Start importing Assets/ExampleAssets/Models/XRControllerRight.fbx using Guid(2d10b9b89f2474de9800b152c3d00004) Importer(815301076,1909f56bfc062723c751e8b465ee728b)  -> (artifact id: '610c5854fa0806d70758c1c947aa2275') in 0.265523 seconds 
========================================================================
Received Import Request.
  Time since last request: 3.595479 seconds.
  path: Assets/ExampleAssets/Materials
  artifactKey: Guid(7e2c000a47cf74a35ba28043f5839c1e) Importer(815301076,1909f56bfc062723c751e8b465ee728b)
Start importing Assets/ExampleAssets/Materials using Guid(7e2c000a47cf74a35ba28043f5839c1e) Importer(815301076,1909f56bfc062723c751e8b465ee728b)  -> (artifact id: 'f4a69abcc307f7b56fffddadefc993d4') in 0.002433 seconds 
========================================================================
Received Import Request.
  Time since last request: 0.000034 seconds.
  path: Assets/ExampleAssets/Materials/Grid.mat
  artifactKey: Guid(3f9336a53d1d2ea43895699cc52cb411) Importer(815301076,1909f56bfc062723c751e8b465ee728b)
Start importing Assets/ExampleAssets/Materials/Grid.mat using Guid(3f9336a53d1d2ea43895699cc52cb411) Importer(815301076,1909f56bfc062723c751e8b465ee728b)  -> (artifact id: 'f820f4d752d61b2fcc627ce25b025707') in 0.022217 seconds 
========================================================================
Received Import Request.
  Time since last request: 7.617873 seconds.
  path: Assets/ExampleAssets/Prefabs
  artifactKey: Guid(82604acad0a5a414f8a866ee8d466621) Importer(815301076,1909f56bfc062723c751e8b465ee728b)
Start importing Assets/ExampleAssets/Prefabs using Guid(82604acad0a5a414f8a866ee8d466621) Importer(815301076,1909f56bfc062723c751e8b465ee728b)  -> (artifact id: '1903ff6637f68e10698f14272b16261f') in 0.002127 seconds 
========================================================================
Received Import Request.
  Time since last request: 0.000052 seconds.
  path: Assets/ExampleAssets/Prefabs/XRControllerRight.prefab
  artifactKey: Guid(1f4d373a613d0466fbd8849470265852) Importer(815301076,1909f56bfc062723c751e8b465ee728b)
Start importing Assets/ExampleAssets/Prefabs/XRControllerRight.prefab using Guid(1f4d373a613d0466fbd8849470265852) Importer(815301076,1909f56bfc062723c751e8b465ee728b)  -> (artifact id: '84a2fc1a65ee9b08447e8689607c8aee') in 0.018234 seconds 
========================================================================
Received Import Request.
  Time since last request: 2.623667 seconds.
  path: Assets/ExampleAssets/Textures
  artifactKey: Guid(2aab7ef822b354523935cb8a8fdb23fc) Importer(815301076,1909f56bfc062723c751e8b465ee728b)
Start importing Assets/ExampleAssets/Textures using Guid(2aab7ef822b354523935cb8a8fdb23fc) Importer(815301076,1909f56bfc062723c751e8b465ee728b)  -> (artifact id: '80725ac90bf4bcddac5112a33420d27f') in 0.002296 seconds 
========================================================================
Received Import Request.
  Time since last request: 0.870928 seconds.
  path: Assets/ExampleAssets/Textures/Grid_Light_512x512.png
  artifactKey: Guid(a5888ab2610a91d40a5deefc40b7bfe4) Importer(815301076,1909f56bfc062723c751e8b465ee728b)
Start importing Assets/ExampleAssets/Textures/Grid_Light_512x512.png using Guid(a5888ab2610a91d40a5deefc40b7bfe4) Importer(815301076,1909f56bfc062723c751e8b465ee728b)  -> (artifact id: '1cabdd40a0ca4be5582da3b55bb5b14d') in 0.030526 seconds 
========================================================================
Received Import Request.
  Time since last request: 23.777071 seconds.
  path: Assets/RedCube.prefab
  artifactKey: Guid(61eea7102a907494f8d6015a6a3076f3) Importer(815301076,1909f56bfc062723c751e8b465ee728b)
Start importing Assets/RedCube.prefab using Guid(61eea7102a907494f8d6015a6a3076f3) Importer(815301076,1909f56bfc062723c751e8b465ee728b)  -> (artifact id: '66cfdff8942d905f20d7efd867bbf3ca') in 0.018668 seconds 
========================================================================
Received Import Request.
  Time since last request: 6.169073 seconds.
  path: Assets/RedCube.prefab
  artifactKey: Guid(61eea7102a907494f8d6015a6a3076f3) Importer(815301076,1909f56bfc062723c751e8b465ee728b)
Start importing Assets/RedCube.prefab using Guid(61eea7102a907494f8d6015a6a3076f3) Importer(815301076,1909f56bfc062723c751e8b465ee728b)  -> (artifact id: '56acc31d5ea5086f387015ca07e322a5') in 0.015895 seconds 
========================================================================
Received Import Request.
  Time since last request: 4.006652 seconds.
  path: Assets/RedCube.prefab
  artifactKey: Guid(61eea7102a907494f8d6015a6a3076f3) Importer(815301076,1909f56bfc062723c751e8b465ee728b)
Start importing Assets/RedCube.prefab using Guid(61eea7102a907494f8d6015a6a3076f3) Importer(815301076,1909f56bfc062723c751e8b465ee728b)  -> (artifact id: 'cb099461540337349e9b66e92ba20b8f') in 0.013782 seconds 
========================================================================
Received Import Request.
  Time since last request: 8.865514 seconds.
  path: Assets/RedCube.prefab
  artifactKey: Guid(61eea7102a907494f8d6015a6a3076f3) Importer(815301076,1909f56bfc062723c751e8b465ee728b)
Start importing Assets/RedCube.prefab using Guid(61eea7102a907494f8d6015a6a3076f3) Importer(815301076,1909f56bfc062723c751e8b465ee728b)  -> (artifact id: '5acdb742219b84fc4993dfc8ec706ee2') in 0.014579 seconds 
========================================================================
Received Import Request.
  Time since last request: 15.683824 seconds.
  path: Assets/RedCube.prefab
  artifactKey: Guid(61eea7102a907494f8d6015a6a3076f3) Importer(815301076,1909f56bfc062723c751e8b465ee728b)
Start importing Assets/RedCube.prefab using Guid(61eea7102a907494f8d6015a6a3076f3) Importer(815301076,1909f56bfc062723c751e8b465ee728b)  -> (artifact id: 'ff5db129b9b48e812db23e9c4c766fd1') in 0.056010 seconds 
========================================================================
Received Import Request.
  Time since last request: 19.426649 seconds.
  path: Assets/RedCube.prefab
  artifactKey: Guid(61eea7102a907494f8d6015a6a3076f3) Importer(815301076,1909f56bfc062723c751e8b465ee728b)
Start importing Assets/RedCube.prefab using Guid(61eea7102a907494f8d6015a6a3076f3) Importer(815301076,1909f56bfc062723c751e8b465ee728b)  -> (artifact id: '4bd9193bdd26d396051a1d36aef0cada') in 0.038561 seconds 
========================================================================
Received Import Request.
  Time since last request: 32.856678 seconds.
  path: Assets/RedCube.prefab
  artifactKey: Guid(61eea7102a907494f8d6015a6a3076f3) Importer(815301076,1909f56bfc062723c751e8b465ee728b)
Start importing Assets/RedCube.prefab using Guid(61eea7102a907494f8d6015a6a3076f3) Importer(815301076,1909f56bfc062723c751e8b465ee728b)  -> (artifact id: '068ce3438ca5c19127f4c9949b6b3e29') in 0.042967 seconds 
========================================================================
Received Import Request.
  Time since last request: 2.587076 seconds.
  path: Assets/RedCube.prefab
  artifactKey: Guid(61eea7102a907494f8d6015a6a3076f3) Importer(815301076,1909f56bfc062723c751e8b465ee728b)
Start importing Assets/RedCube.prefab using Guid(61eea7102a907494f8d6015a6a3076f3) Importer(815301076,1909f56bfc062723c751e8b465ee728b)  -> (artifact id: 'b0d52219558bc87a4cc0cfc02734ffe5') in 0.044501 seconds 
========================================================================
Received Prepare
Registering precompiled user dll's ...
Registered in 0.014261 seconds.
Begin MonoManager ReloadAssembly
Symbol file LoadedFromMemory doesn't match image C:\Users\Lenovo\Desktop\Beatsaber VR Project\Library\PackageCache\com.unity.visualscripting@1.7.6\Editor\VisualScripting.Core\Dependencies\DotNetZip\Unity.VisualScripting.IonicZip.dll
Symbol file LoadedFromMemory doesn't match image C:\Users\Lenovo\Desktop\Beatsaber VR Project\Library\PackageCache\com.unity.visualscripting@1.7.6\Editor\VisualScripting.Core\Dependencies\YamlDotNet\Unity.VisualScripting.YamlDotNet.dll
Native extension for WindowsStandalone target not found
Native extension for WebGL target not found
Refreshing native plugins compatible for Editor in 1.30 ms, found 12 plugins.
Preloading 1 native plugins for Editor in 0.08 ms.
Mono: successfully reloaded assembly
- Completed reload, in  2.012 seconds
Domain Reload Profiling:
	ReloadAssembly (2012ms)
		BeginReloadAssembly (211ms)
			ExecutionOrderSort (0ms)
			DisableScriptedObjects (5ms)
			BackupInstance (0ms)
			ReleaseScriptingObjects (0ms)
			CreateAndSetChildDomain (53ms)
		EndReloadAssembly (1648ms)
			LoadAssemblies (176ms)
			RebuildTransferFunctionScriptingTraits (0ms)
			SetupTypeCache (671ms)
			ReleaseScriptCaches (2ms)
			RebuildScriptCaches (79ms)
			SetupLoadedEditorAssemblies (657ms)
				LogAssemblyErrors (0ms)
				InitializePlatformSupportModulesInManaged (15ms)
				SetLoadedEditorAssemblies (1ms)
				RefreshPlugins (1ms)
				BeforeProcessingInitializeOnLoad (117ms)
				ProcessInitializeOnLoadAttributes (451ms)
				ProcessInitializeOnLoadMethodAttributes (54ms)
				AfterProcessingInitializeOnLoad (18ms)
				EditorAssembliesLoaded (0ms)
			ExecutionOrderSort2 (0ms)
			AwakeInstancesAfterBackupRestoration (17ms)
Platform modules already initialized, skipping
Shader 'Oculus/OVRMRCameraFrameLit': fallback shader 'Alpha-Diffuse' not found
Refreshing native plugins compatible for Editor in 9.16 ms, found 12 plugins.
Preloading 1 native plugins for Editor in 0.06 ms.
Unloading 5073 Unused Serialized files (Serialized files now loaded: 0)
Unloading 75 unused Assets / (0.8 MB). Loaded Objects now: 5638.
Memory consumption went from 256.8 MB to 256.0 MB.
Total: 4.533200 ms (FindLiveObjects: 0.425400 ms CreateObjectMapping: 0.334700 ms MarkObjects: 3.259000 ms  DeleteObjects: 0.513100 ms)

AssetImportParameters requested are different than current active one (requested -> active):
  custom:video-decoder-ogg-theora: a1e56fd34408186e4bbccfd4996cb3dc -> 
  custom:container-muxer-webm: aa71ff27fc2769a1b78a27578f13a17b -> 
  custom:container-demuxer-webm: 4f35f7cbe854078d1ac9338744f61a02 -> 
  custom:video-encoder-webm-vp8: eb34c28f22e8b96e1ab97ce403110664 -> 
  custom:video-codec-MediaFoundation-h265: 746d11721c4dcdbdad8f713fa42b33f4 -> 
  custom:audio-encoder-webm-vorbis: bf7c407c2cedff20999df2af8eb42d56 -> 
  custom:framework-win-MediaFoundation: 216162199b28c13a410421893ffa2e32 -> 
  custom:container-demuxer-ogg: 62fdf1f143b41e24485cea50d1cbac27 -> 
  custom:video-decoder-webm-vp8: 9c59270c3fd7afecdb556c50c9e8de78 -> 
  custom:audio-decoder-ogg-vorbis: bf7c407c2cedff20999df2af8eb42d56 -> 
========================================================================
Received Import Request.
  Time since last request: 105.957374 seconds.
  path: Assets/trinagle.cs
  artifactKey: Guid(43ea2c52051a30e4bbc83de85cfa7fad) Importer(815301076,1909f56bfc062723c751e8b465ee728b)
Start importing Assets/trinagle.cs using Guid(43ea2c52051a30e4bbc83de85cfa7fad) Importer(815301076,1909f56bfc062723c751e8b465ee728b)  -> (artifact id: '0e7e80c7b8d8c168cb1297ce82fd6c1c') in 0.017157 seconds 
========================================================================
Received Prepare
Registering precompiled user dll's ...
Registered in 0.020993 seconds.
Begin MonoManager ReloadAssembly
Symbol file LoadedFromMemory doesn't match image C:\Users\Lenovo\Desktop\Beatsaber VR Project\Library\PackageCache\com.unity.visualscripting@1.7.6\Editor\VisualScripting.Core\Dependencies\DotNetZip\Unity.VisualScripting.IonicZip.dll
Symbol file LoadedFromMemory doesn't match image C:\Users\Lenovo\Desktop\Beatsaber VR Project\Library\PackageCache\com.unity.visualscripting@1.7.6\Editor\VisualScripting.Core\Dependencies\YamlDotNet\Unity.VisualScripting.YamlDotNet.dll
Native extension for WindowsStandalone target not found
Native extension for WebGL target not found
Refreshing native plugins compatible for Editor in 2.27 ms, found 12 plugins.
Preloading 1 native plugins for Editor in 0.34 ms.
Mono: successfully reloaded assembly
- Completed reload, in  1.572 seconds
Domain Reload Profiling:
	ReloadAssembly (1573ms)
		BeginReloadAssembly (164ms)
			ExecutionOrderSort (0ms)
			DisableScriptedObjects (5ms)
			BackupInstance (0ms)
			ReleaseScriptingObjects (0ms)
			CreateAndSetChildDomain (47ms)
		EndReloadAssembly (1279ms)
			LoadAssemblies (179ms)
			RebuildTransferFunctionScriptingTraits (0ms)
			SetupTypeCache (352ms)
			ReleaseScriptCaches (1ms)
			RebuildScriptCaches (69ms)
			SetupLoadedEditorAssemblies (562ms)
				LogAssemblyErrors (0ms)
				InitializePlatformSupportModulesInManaged (27ms)
				SetLoadedEditorAssemblies (1ms)
				RefreshPlugins (3ms)
				BeforeProcessingInitializeOnLoad (163ms)
				ProcessInitializeOnLoadAttributes (317ms)
				ProcessInitializeOnLoadMethodAttributes (40ms)
				AfterProcessingInitializeOnLoad (11ms)
				EditorAssembliesLoaded (1ms)
			ExecutionOrderSort2 (0ms)
			AwakeInstancesAfterBackupRestoration (15ms)
Platform modules already initialized, skipping
Shader 'Oculus/OVRMRCameraFrameLit': fallback shader 'Alpha-Diffuse' not found
Refreshing native plugins compatible for Editor in 13.53 ms, found 12 plugins.
Preloading 1 native plugins for Editor in 0.13 ms.
Unloading 5074 Unused Serialized files (Serialized files now loaded: 0)
Unloading 75 unused Assets / (0.8 MB). Loaded Objects now: 5643.
Memory consumption went from 256.8 MB to 256.0 MB.
Total: 4.129100 ms (FindLiveObjects: 0.404300 ms CreateObjectMapping: 0.365000 ms MarkObjects: 2.976400 ms  DeleteObjects: 0.382700 ms)

AssetImportParameters requested are different than current active one (requested -> active):
  custom:video-decoder-ogg-theora: a1e56fd34408186e4bbccfd4996cb3dc -> 
  custom:container-muxer-webm: aa71ff27fc2769a1b78a27578f13a17b -> 
  custom:container-demuxer-webm: 4f35f7cbe854078d1ac9338744f61a02 -> 
  custom:video-encoder-webm-vp8: eb34c28f22e8b96e1ab97ce403110664 -> 
  custom:video-codec-MediaFoundation-h265: 746d11721c4dcdbdad8f713fa42b33f4 -> 
  custom:audio-encoder-webm-vorbis: bf7c407c2cedff20999df2af8eb42d56 -> 
  custom:framework-win-MediaFoundation: 216162199b28c13a410421893ffa2e32 -> 
  custom:container-demuxer-ogg: 62fdf1f143b41e24485cea50d1cbac27 -> 
  custom:video-decoder-webm-vp8: 9c59270c3fd7afecdb556c50c9e8de78 -> 
  custom:audio-decoder-ogg-vorbis: bf7c407c2cedff20999df2af8eb42d56 -> 
========================================================================
Received Import Request.
  Time since last request: 10.134601 seconds.
  path: Assets/trinagle.cs
  artifactKey: Guid(43ea2c52051a30e4bbc83de85cfa7fad) Importer(815301076,1909f56bfc062723c751e8b465ee728b)
Start importing Assets/trinagle.cs using Guid(43ea2c52051a30e4bbc83de85cfa7fad) Importer(815301076,1909f56bfc062723c751e8b465ee728b)  -> (artifact id: 'dea7d5eb6bdd56ed7556ab17d5f4f059') in 0.008544 seconds 
========================================================================
Received Prepare
Registering precompiled user dll's ...
Registered in 0.014518 seconds.
Begin MonoManager ReloadAssembly
Symbol file LoadedFromMemory doesn't match image C:\Users\Lenovo\Desktop\Beatsaber VR Project\Library\PackageCache\com.unity.visualscripting@1.7.6\Editor\VisualScripting.Core\Dependencies\DotNetZip\Unity.VisualScripting.IonicZip.dll
Symbol file LoadedFromMemory doesn't match image C:\Users\Lenovo\Desktop\Beatsaber VR Project\Library\PackageCache\com.unity.visualscripting@1.7.6\Editor\VisualScripting.Core\Dependencies\YamlDotNet\Unity.VisualScripting.YamlDotNet.dll
Native extension for WindowsStandalone target not found
Native extension for WebGL target not found
Refreshing native plugins compatible for Editor in 3.18 ms, found 12 plugins.
Preloading 1 native plugins for Editor in 0.11 ms.
Mono: successfully reloaded assembly
- Completed reload, in  1.668 seconds
Domain Reload Profiling:
	ReloadAssembly (1669ms)
		BeginReloadAssembly (160ms)
			ExecutionOrderSort (0ms)
			DisableScriptedObjects (5ms)
			BackupInstance (0ms)
			ReleaseScriptingObjects (0ms)
			CreateAndSetChildDomain (42ms)
		EndReloadAssembly (1367ms)
			LoadAssemblies (147ms)
			RebuildTransferFunctionScriptingTraits (0ms)
			SetupTypeCache (515ms)
			ReleaseScriptCaches (3ms)
			RebuildScriptCaches (79ms)
			SetupLoadedEditorAssemblies (535ms)
				LogAssemblyErrors (0ms)
				InitializePlatformSupportModulesInManaged (26ms)
				SetLoadedEditorAssemblies (1ms)
				RefreshPlugins (3ms)
				BeforeProcessingInitializeOnLoad (121ms)
				ProcessInitializeOnLoadAttributes (328ms)
				ProcessInitializeOnLoadMethodAttributes (44ms)
				AfterProcessingInitializeOnLoad (12ms)
				EditorAssembliesLoaded (0ms)
			ExecutionOrderSort2 (0ms)
			AwakeInstancesAfterBackupRestoration (10ms)
Platform modules already initialized, skipping
Shader 'Oculus/OVRMRCameraFrameLit': fallback shader 'Alpha-Diffuse' not found
Refreshing native plugins compatible for Editor in 12.16 ms, found 12 plugins.
Preloading 1 native plugins for Editor in 0.08 ms.
Unloading 5074 Unused Serialized files (Serialized files now loaded: 0)
Unloading 75 unused Assets / (0.8 MB). Loaded Objects now: 5647.
Memory consumption went from 256.8 MB to 256.0 MB.
Total: 4.496700 ms (FindLiveObjects: 0.409700 ms CreateObjectMapping: 0.419800 ms MarkObjects: 3.259700 ms  DeleteObjects: 0.406500 ms)

AssetImportParameters requested are different than current active one (requested -> active):
  custom:video-decoder-ogg-theora: a1e56fd34408186e4bbccfd4996cb3dc -> 
  custom:container-muxer-webm: aa71ff27fc2769a1b78a27578f13a17b -> 
  custom:container-demuxer-webm: 4f35f7cbe854078d1ac9338744f61a02 -> 
  custom:video-encoder-webm-vp8: eb34c28f22e8b96e1ab97ce403110664 -> 
  custom:video-codec-MediaFoundation-h265: 746d11721c4dcdbdad8f713fa42b33f4 -> 
  custom:audio-encoder-webm-vorbis: bf7c407c2cedff20999df2af8eb42d56 -> 
  custom:framework-win-MediaFoundation: 216162199b28c13a410421893ffa2e32 -> 
  custom:container-demuxer-ogg: 62fdf1f143b41e24485cea50d1cbac27 -> 
  custom:video-decoder-webm-vp8: 9c59270c3fd7afecdb556c50c9e8de78 -> 
  custom:audio-decoder-ogg-vorbis: bf7c407c2cedff20999df2af8eb42d56 -> 
========================================================================
Received Prepare
Registering precompiled user dll's ...
Registered in 0.015991 seconds.
Begin MonoManager ReloadAssembly
Symbol file LoadedFromMemory doesn't match image C:\Users\Lenovo\Desktop\Beatsaber VR Project\Library\PackageCache\com.unity.visualscripting@1.7.6\Editor\VisualScripting.Core\Dependencies\DotNetZip\Unity.VisualScripting.IonicZip.dll
Symbol file LoadedFromMemory doesn't match image C:\Users\Lenovo\Desktop\Beatsaber VR Project\Library\PackageCache\com.unity.visualscripting@1.7.6\Editor\VisualScripting.Core\Dependencies\YamlDotNet\Unity.VisualScripting.YamlDotNet.dll
Native extension for WindowsStandalone target not found
Native extension for WebGL target not found
Refreshing native plugins compatible for Editor in 3.15 ms, found 12 plugins.
Preloading 1 native plugins for Editor in 0.12 ms.
Mono: successfully reloaded assembly
- Completed reload, in  1.596 seconds
Domain Reload Profiling:
	ReloadAssembly (1597ms)
		BeginReloadAssembly (153ms)
			ExecutionOrderSort (0ms)
			DisableScriptedObjects (4ms)
			BackupInstance (0ms)
			ReleaseScriptingObjects (0ms)
			CreateAndSetChildDomain (42ms)
		EndReloadAssembly (1328ms)
			LoadAssemblies (116ms)
			RebuildTransferFunctionScriptingTraits (0ms)
			SetupTypeCache (379ms)
			ReleaseScriptCaches (4ms)
			RebuildScriptCaches (72ms)
			SetupLoadedEditorAssemblies (649ms)
				LogAssemblyErrors (0ms)
				InitializePlatformSupportModulesInManaged (24ms)
				SetLoadedEditorAssemblies (1ms)
				RefreshPlugins (3ms)
				BeforeProcessingInitializeOnLoad (132ms)
				ProcessInitializeOnLoadAttributes (423ms)
				ProcessInitializeOnLoadMethodAttributes (52ms)
				AfterProcessingInitializeOnLoad (14ms)
				EditorAssembliesLoaded (1ms)
			ExecutionOrderSort2 (0ms)
			AwakeInstancesAfterBackupRestoration (13ms)
Platform modules already initialized, skipping
Shader 'Oculus/OVRMRCameraFrameLit': fallback shader 'Alpha-Diffuse' not found
Refreshing native plugins compatible for Editor in 10.55 ms, found 12 plugins.
Preloading 1 native plugins for Editor in 0.07 ms.
Unloading 5074 Unused Serialized files (Serialized files now loaded: 0)
Unloading 75 unused Assets / (0.8 MB). Loaded Objects now: 5651.
Memory consumption went from 256.8 MB to 256.0 MB.
Total: 4.769600 ms (FindLiveObjects: 0.511400 ms CreateObjectMapping: 0.425200 ms MarkObjects: 3.321000 ms  DeleteObjects: 0.510400 ms)

AssetImportParameters requested are different than current active one (requested -> active):
  custom:video-decoder-ogg-theora: a1e56fd34408186e4bbccfd4996cb3dc -> 
  custom:container-muxer-webm: aa71ff27fc2769a1b78a27578f13a17b -> 
  custom:container-demuxer-webm: 4f35f7cbe854078d1ac9338744f61a02 -> 
  custom:video-encoder-webm-vp8: eb34c28f22e8b96e1ab97ce403110664 -> 
  custom:video-codec-MediaFoundation-h265: 746d11721c4dcdbdad8f713fa42b33f4 -> 
  custom:audio-encoder-webm-vorbis: bf7c407c2cedff20999df2af8eb42d56 -> 
  custom:framework-win-MediaFoundation: 216162199b28c13a410421893ffa2e32 -> 
  custom:container-demuxer-ogg: 62fdf1f143b41e24485cea50d1cbac27 -> 
  custom:video-decoder-webm-vp8: 9c59270c3fd7afecdb556c50c9e8de78 -> 
  custom:audio-decoder-ogg-vorbis: bf7c407c2cedff20999df2af8eb42d56 -> 
========================================================================
Received Import Request.
  Time since last request: 100.930395 seconds.
  path: Assets/RedCube.prefab
  artifactKey: Guid(61eea7102a907494f8d6015a6a3076f3) Importer(815301076,1909f56bfc062723c751e8b465ee728b)
Start importing Assets/RedCube.prefab using Guid(61eea7102a907494f8d6015a6a3076f3) Importer(815301076,1909f56bfc062723c751e8b465ee728b)  -> (artifact id: 'f67e803f35b1126d304bb96f1962af00') in 0.072964 seconds 
========================================================================
Received Import Request.
  Time since last request: 10.401946 seconds.
  path: Assets/RedCube.prefab
  artifactKey: Guid(61eea7102a907494f8d6015a6a3076f3) Importer(815301076,1909f56bfc062723c751e8b465ee728b)
Start importing Assets/RedCube.prefab using Guid(61eea7102a907494f8d6015a6a3076f3) Importer(815301076,1909f56bfc062723c751e8b465ee728b)  -> (artifact id: '318250b1f4448e97755ff1b78ce09518') in 0.013409 seconds 
========================================================================
Received Import Request.
  Time since last request: 10.068835 seconds.
  path: Assets/RedCube.prefab
  artifactKey: Guid(61eea7102a907494f8d6015a6a3076f3) Importer(815301076,1909f56bfc062723c751e8b465ee728b)
Start importing Assets/RedCube.prefab using Guid(61eea7102a907494f8d6015a6a3076f3) Importer(815301076,1909f56bfc062723c751e8b465ee728b)  -> (artifact id: '37caa0d51f260cfc5e34cd5676061a17') in 0.013957 seconds 
========================================================================
Received Import Request.
  Time since last request: 1.404304 seconds.
  path: Assets/RedCube.prefab
  artifactKey: Guid(61eea7102a907494f8d6015a6a3076f3) Importer(815301076,1909f56bfc062723c751e8b465ee728b)
Start importing Assets/RedCube.prefab using Guid(61eea7102a907494f8d6015a6a3076f3) Importer(815301076,1909f56bfc062723c751e8b465ee728b)  -> (artifact id: 'b6557ceaf8891b4805440bdd05ac616b') in 0.012481 seconds 
========================================================================
Received Import Request.
  Time since last request: 5.816002 seconds.
  path: Assets/RedCube.prefab
  artifactKey: Guid(61eea7102a907494f8d6015a6a3076f3) Importer(815301076,1909f56bfc062723c751e8b465ee728b)
Start importing Assets/RedCube.prefab using Guid(61eea7102a907494f8d6015a6a3076f3) Importer(815301076,1909f56bfc062723c751e8b465ee728b)  -> (artifact id: 'a1e01c1bf5794b2aa161a8f3956b3464') in 0.011877 seconds 
========================================================================
Received Import Request.
  Time since last request: 4.220009 seconds.
  path: Assets/RedCube.prefab
  artifactKey: Guid(61eea7102a907494f8d6015a6a3076f3) Importer(815301076,1909f56bfc062723c751e8b465ee728b)
Start importing Assets/RedCube.prefab using Guid(61eea7102a907494f8d6015a6a3076f3) Importer(815301076,1909f56bfc062723c751e8b465ee728b)  -> (artifact id: '33db151a71717c1be85fd15e6a459f65') in 0.013221 seconds 
========================================================================
Received Import Request.
  Time since last request: 2.798492 seconds.
  path: Assets/RedCube.prefab
  artifactKey: Guid(61eea7102a907494f8d6015a6a3076f3) Importer(815301076,1909f56bfc062723c751e8b465ee728b)
Start importing Assets/RedCube.prefab using Guid(61eea7102a907494f8d6015a6a3076f3) Importer(815301076,1909f56bfc062723c751e8b465ee728b)  -> (artifact id: '2461c41ee7762ca6a6c29906afae43b3') in 0.013287 seconds 
========================================================================
Received Import Request.
  Time since last request: 10.876361 seconds.
  path: Assets/RedCube.prefab
  artifactKey: Guid(61eea7102a907494f8d6015a6a3076f3) Importer(815301076,1909f56bfc062723c751e8b465ee728b)
Start importing Assets/RedCube.prefab using Guid(61eea7102a907494f8d6015a6a3076f3) Importer(815301076,1909f56bfc062723c751e8b465ee728b)  -> (artifact id: 'bcedcf8768b7bde2d8490f382e058541') in 0.014208 seconds 
========================================================================
Received Import Request.
  Time since last request: 3.231207 seconds.
  path: Assets/RedCube.prefab
  artifactKey: Guid(61eea7102a907494f8d6015a6a3076f3) Importer(815301076,1909f56bfc062723c751e8b465ee728b)
Start importing Assets/RedCube.prefab using Guid(61eea7102a907494f8d6015a6a3076f3) Importer(815301076,1909f56bfc062723c751e8b465ee728b)  -> (artifact id: 'cb472f1319c167e066ae6d852da07aad') in 0.016752 seconds 
========================================================================
Received Import Request.
  Time since last request: 3.616179 seconds.
  path: Assets/RedCube.prefab
  artifactKey: Guid(61eea7102a907494f8d6015a6a3076f3) Importer(815301076,1909f56bfc062723c751e8b465ee728b)
Start importing Assets/RedCube.prefab using Guid(61eea7102a907494f8d6015a6a3076f3) Importer(815301076,1909f56bfc062723c751e8b465ee728b)  -> (artifact id: 'c18481bd52a9b81f9dc2000f00bf3e9b') in 0.013693 seconds 
========================================================================
Received Import Request.
  Time since last request: 3.860889 seconds.
  path: Assets/RedCube.prefab
  artifactKey: Guid(61eea7102a907494f8d6015a6a3076f3) Importer(815301076,1909f56bfc062723c751e8b465ee728b)
Start importing Assets/RedCube.prefab using Guid(61eea7102a907494f8d6015a6a3076f3) Importer(815301076,1909f56bfc062723c751e8b465ee728b)  -> (artifact id: '0d4ca49dd1edad8d3ad8b26870b6c059') in 0.013036 seconds 
========================================================================
Received Import Request.
  Time since last request: 4.387927 seconds.
  path: Assets/RedCube.prefab
  artifactKey: Guid(61eea7102a907494f8d6015a6a3076f3) Importer(815301076,1909f56bfc062723c751e8b465ee728b)
Start importing Assets/RedCube.prefab using Guid(61eea7102a907494f8d6015a6a3076f3) Importer(815301076,1909f56bfc062723c751e8b465ee728b)  -> (artifact id: 'e0045f83a2e543b31df713b5e8030613') in 0.013190 seconds 
========================================================================
Received Import Request.
  Time since last request: 1.995494 seconds.
  path: Assets/RedCube.prefab
  artifactKey: Guid(61eea7102a907494f8d6015a6a3076f3) Importer(815301076,1909f56bfc062723c751e8b465ee728b)
Start importing Assets/RedCube.prefab using Guid(61eea7102a907494f8d6015a6a3076f3) Importer(815301076,1909f56bfc062723c751e8b465ee728b)  -> (artifact id: 'ebb2fba071e456c288b2e179e7355cb2') in 0.013057 seconds 
========================================================================
Received Import Request.
  Time since last request: 6.040171 seconds.
  path: Assets/RedCube.prefab
  artifactKey: Guid(61eea7102a907494f8d6015a6a3076f3) Importer(815301076,1909f56bfc062723c751e8b465ee728b)
Start importing Assets/RedCube.prefab using Guid(61eea7102a907494f8d6015a6a3076f3) Importer(815301076,1909f56bfc062723c751e8b465ee728b)  -> (artifact id: '985dc48fed0253dc946efe26990b929b') in 0.013306 seconds 
========================================================================
Received Import Request.
  Time since last request: 8.507659 seconds.
  path: Assets/RedCube.prefab
  artifactKey: Guid(61eea7102a907494f8d6015a6a3076f3) Importer(815301076,1909f56bfc062723c751e8b465ee728b)
Start importing Assets/RedCube.prefab using Guid(61eea7102a907494f8d6015a6a3076f3) Importer(815301076,1909f56bfc062723c751e8b465ee728b)  -> (artifact id: '853782133acae119f29cc6b592ee4c62') in 0.012825 seconds 
========================================================================
Received Import Request.
  Time since last request: 2.391128 seconds.
  path: Assets/RedCube.prefab
  artifactKey: Guid(61eea7102a907494f8d6015a6a3076f3) Importer(815301076,1909f56bfc062723c751e8b465ee728b)
Start importing Assets/RedCube.prefab using Guid(61eea7102a907494f8d6015a6a3076f3) Importer(815301076,1909f56bfc062723c751e8b465ee728b)  -> (artifact id: '8592567d46ee53e1e1b83511578fa6a7') in 0.013323 seconds 
========================================================================
Received Import Request.
  Time since last request: 7.268979 seconds.
  path: Assets/RedCube.prefab
  artifactKey: Guid(61eea7102a907494f8d6015a6a3076f3) Importer(815301076,1909f56bfc062723c751e8b465ee728b)
Start importing Assets/RedCube.prefab using Guid(61eea7102a907494f8d6015a6a3076f3) Importer(815301076,1909f56bfc062723c751e8b465ee728b)  -> (artifact id: '1995aacbacb3215bb31455325a06fae2') in 0.013551 seconds 
========================================================================
Received Import Request.
  Time since last request: 6.042181 seconds.
  path: Assets/RedCube.prefab
  artifactKey: Guid(61eea7102a907494f8d6015a6a3076f3) Importer(815301076,1909f56bfc062723c751e8b465ee728b)
Start importing Assets/RedCube.prefab using Guid(61eea7102a907494f8d6015a6a3076f3) Importer(815301076,1909f56bfc062723c751e8b465ee728b)  -> (artifact id: '918e12bc5f997f3fbc1826f988a36c19') in 0.013720 seconds 
========================================================================
Received Import Request.
  Time since last request: 14.325689 seconds.
  path: Assets/RedCube.prefab
  artifactKey: Guid(61eea7102a907494f8d6015a6a3076f3) Importer(815301076,1909f56bfc062723c751e8b465ee728b)
Start importing Assets/RedCube.prefab using Guid(61eea7102a907494f8d6015a6a3076f3) Importer(815301076,1909f56bfc062723c751e8b465ee728b)  -> (artifact id: '17fd1d9b68beb4391fc04a8cecc1198b') in 0.013149 seconds 
========================================================================
Received Import Request.
  Time since last request: 3.410096 seconds.
  path: Assets/RedCube.prefab
  artifactKey: Guid(61eea7102a907494f8d6015a6a3076f3) Importer(815301076,1909f56bfc062723c751e8b465ee728b)
Start importing Assets/RedCube.prefab using Guid(61eea7102a907494f8d6015a6a3076f3) Importer(815301076,1909f56bfc062723c751e8b465ee728b)  -> (artifact id: '7873135245ce27ba29c364661ce5d946') in 0.013451 seconds 
========================================================================
Received Import Request.
  Time since last request: 13.306727 seconds.
  path: Assets/RedCube.prefab
  artifactKey: Guid(61eea7102a907494f8d6015a6a3076f3) Importer(815301076,1909f56bfc062723c751e8b465ee728b)
Start importing Assets/RedCube.prefab using Guid(61eea7102a907494f8d6015a6a3076f3) Importer(815301076,1909f56bfc062723c751e8b465ee728b)  -> (artifact id: '3654fc2f308e91e89da3438ff26df465') in 0.014339 seconds 
========================================================================
Received Import Request.
  Time since last request: 5.473757 seconds.
  path: Assets/RedCube.prefab
  artifactKey: Guid(61eea7102a907494f8d6015a6a3076f3) Importer(815301076,1909f56bfc062723c751e8b465ee728b)
Start importing Assets/RedCube.prefab using Guid(61eea7102a907494f8d6015a6a3076f3) Importer(815301076,1909f56bfc062723c751e8b465ee728b)  -> (artifact id: '3fab007b1611ff4fc1d5131f71525102') in 0.013417 seconds 
========================================================================
Received Import Request.
  Time since last request: 3.006701 seconds.
  path: Assets/RedCube.prefab
  artifactKey: Guid(61eea7102a907494f8d6015a6a3076f3) Importer(815301076,1909f56bfc062723c751e8b465ee728b)
Start importing Assets/RedCube.prefab using Guid(61eea7102a907494f8d6015a6a3076f3) Importer(815301076,1909f56bfc062723c751e8b465ee728b)  -> (artifact id: '7b45b731f925dd8119088cb685b70544') in 0.014165 seconds 
========================================================================
Received Import Request.
  Time since last request: 2.834245 seconds.
  path: Assets/RedCube.prefab
  artifactKey: Guid(61eea7102a907494f8d6015a6a3076f3) Importer(815301076,1909f56bfc062723c751e8b465ee728b)
Start importing Assets/RedCube.prefab using Guid(61eea7102a907494f8d6015a6a3076f3) Importer(815301076,1909f56bfc062723c751e8b465ee728b)  -> (artifact id: 'ea463c307576f099bf7e94bd38888f6c') in 0.013538 seconds 
========================================================================
Received Import Request.
  Time since last request: 3.020085 seconds.
  path: Assets/RedCube.prefab
  artifactKey: Guid(61eea7102a907494f8d6015a6a3076f3) Importer(815301076,1909f56bfc062723c751e8b465ee728b)
Start importing Assets/RedCube.prefab using Guid(61eea7102a907494f8d6015a6a3076f3) Importer(815301076,1909f56bfc062723c751e8b465ee728b)  -> (artifact id: 'a65f7a888a915ef6455e16e5f9eed455') in 0.012220 seconds 
========================================================================
Received Import Request.
  Time since last request: 2.609733 seconds.
  path: Assets/RedCube.prefab
  artifactKey: Guid(61eea7102a907494f8d6015a6a3076f3) Importer(815301076,1909f56bfc062723c751e8b465ee728b)
Start importing Assets/RedCube.prefab using Guid(61eea7102a907494f8d6015a6a3076f3) Importer(815301076,1909f56bfc062723c751e8b465ee728b)  -> (artifact id: '6ae1d3d50fc11bce1e7ab5acb567a280') in 0.012189 seconds 
========================================================================
Received Import Request.
  Time since last request: 8.899800 seconds.
  path: Assets/RedCube.prefab
  artifactKey: Guid(61eea7102a907494f8d6015a6a3076f3) Importer(815301076,1909f56bfc062723c751e8b465ee728b)
Start importing Assets/RedCube.prefab using Guid(61eea7102a907494f8d6015a6a3076f3) Importer(815301076,1909f56bfc062723c751e8b465ee728b)  -> (artifact id: '639f916bdf1d0102cf62962f6fd68f2b') in 0.013473 seconds 
========================================================================
Received Import Request.
  Time since last request: 14.428833 seconds.
  path: Assets/RedCube.prefab
  artifactKey: Guid(61eea7102a907494f8d6015a6a3076f3) Importer(815301076,1909f56bfc062723c751e8b465ee728b)
Start importing Assets/RedCube.prefab using Guid(61eea7102a907494f8d6015a6a3076f3) Importer(815301076,1909f56bfc062723c751e8b465ee728b)  -> (artifact id: '51ea799b80403ba648c5b7e8e4166a9f') in 0.013853 seconds 
========================================================================
Received Import Request.
  Time since last request: 10.496792 seconds.
  path: Assets/RedCube.prefab
  artifactKey: Guid(61eea7102a907494f8d6015a6a3076f3) Importer(815301076,1909f56bfc062723c751e8b465ee728b)
Start importing Assets/RedCube.prefab using Guid(61eea7102a907494f8d6015a6a3076f3) Importer(815301076,1909f56bfc062723c751e8b465ee728b)  -> (artifact id: 'a6a209e0f7a10062d1ea4df325ef4fd2') in 0.013432 seconds 
========================================================================
Received Prepare
Registering precompiled user dll's ...
Registered in 0.014781 seconds.
Begin MonoManager ReloadAssembly
Symbol file LoadedFromMemory doesn't match image C:\Users\Lenovo\Desktop\Beatsaber VR Project\Library\PackageCache\com.unity.visualscripting@1.7.6\Editor\VisualScripting.Core\Dependencies\DotNetZip\Unity.VisualScripting.IonicZip.dll
Symbol file LoadedFromMemory doesn't match image C:\Users\Lenovo\Desktop\Beatsaber VR Project\Library\PackageCache\com.unity.visualscripting@1.7.6\Editor\VisualScripting.Core\Dependencies\YamlDotNet\Unity.VisualScripting.YamlDotNet.dll
Native extension for WindowsStandalone target not found
Native extension for WebGL target not found
Refreshing native plugins compatible for Editor in 2.38 ms, found 12 plugins.
Preloading 1 native plugins for Editor in 0.09 ms.
Mono: successfully reloaded assembly
- Completed reload, in  1.650 seconds
Domain Reload Profiling:
	ReloadAssembly (1651ms)
		BeginReloadAssembly (151ms)
			ExecutionOrderSort (0ms)
			DisableScriptedObjects (4ms)
			BackupInstance (0ms)
			ReleaseScriptingObjects (0ms)
			CreateAndSetChildDomain (44ms)
		EndReloadAssembly (1384ms)
			LoadAssemblies (117ms)
			RebuildTransferFunctionScriptingTraits (0ms)
			SetupTypeCache (358ms)
			ReleaseScriptCaches (1ms)
			RebuildScriptCaches (67ms)
			SetupLoadedEditorAssemblies (739ms)
				LogAssemblyErrors (0ms)
				InitializePlatformSupportModulesInManaged (24ms)
				SetLoadedEditorAssemblies (1ms)
				RefreshPlugins (3ms)
				BeforeProcessingInitializeOnLoad (168ms)
				ProcessInitializeOnLoadAttributes (474ms)
				ProcessInitializeOnLoadMethodAttributes (57ms)
				AfterProcessingInitializeOnLoad (13ms)
				EditorAssembliesLoaded (0ms)
			ExecutionOrderSort2 (0ms)
			AwakeInstancesAfterBackupRestoration (14ms)
Platform modules already initialized, skipping
Shader 'Oculus/OVRMRCameraFrameLit': fallback shader 'Alpha-Diffuse' not found
Refreshing native plugins compatible for Editor in 18.63 ms, found 12 plugins.
Preloading 1 native plugins for Editor in 0.12 ms.
Unloading 5074 Unused Serialized files (Serialized files now loaded: 0)
Unloading 76 unused Assets / (0.8 MB). Loaded Objects now: 5655.
Memory consumption went from 257.1 MB to 256.2 MB.
Total: 8.298700 ms (FindLiveObjects: 0.622200 ms CreateObjectMapping: 0.566000 ms MarkObjects: 6.314800 ms  DeleteObjects: 0.793600 ms)

AssetImportParameters requested are different than current active one (requested -> active):
  custom:video-decoder-ogg-theora: a1e56fd34408186e4bbccfd4996cb3dc -> 
  custom:container-muxer-webm: aa71ff27fc2769a1b78a27578f13a17b -> 
  custom:container-demuxer-webm: 4f35f7cbe854078d1ac9338744f61a02 -> 
  custom:video-encoder-webm-vp8: eb34c28f22e8b96e1ab97ce403110664 -> 
  custom:video-codec-MediaFoundation-h265: 746d11721c4dcdbdad8f713fa42b33f4 -> 
  custom:audio-encoder-webm-vorbis: bf7c407c2cedff20999df2af8eb42d56 -> 
  custom:framework-win-MediaFoundation: 216162199b28c13a410421893ffa2e32 -> 
  custom:container-demuxer-ogg: 62fdf1f143b41e24485cea50d1cbac27 -> 
  custom:video-decoder-webm-vp8: 9c59270c3fd7afecdb556c50c9e8de78 -> 
  custom:audio-decoder-ogg-vorbis: bf7c407c2cedff20999df2af8eb42d56 -> 
========================================================================
Received Prepare
Registering precompiled user dll's ...
Registered in 0.014010 seconds.
Begin MonoManager ReloadAssembly
Symbol file LoadedFromMemory doesn't match image C:\Users\Lenovo\Desktop\Beatsaber VR Project\Library\PackageCache\com.unity.visualscripting@1.7.6\Editor\VisualScripting.Core\Dependencies\DotNetZip\Unity.VisualScripting.IonicZip.dll
Symbol file LoadedFromMemory doesn't match image C:\Users\Lenovo\Desktop\Beatsaber VR Project\Library\PackageCache\com.unity.visualscripting@1.7.6\Editor\VisualScripting.Core\Dependencies\YamlDotNet\Unity.VisualScripting.YamlDotNet.dll
Native extension for WindowsStandalone target not found
Native extension for WebGL target not found
Refreshing native plugins compatible for Editor in 4.92 ms, found 12 plugins.
Preloading 1 native plugins for Editor in 0.16 ms.
Mono: successfully reloaded assembly
- Completed reload, in  1.723 seconds
Domain Reload Profiling:
	ReloadAssembly (1724ms)
		BeginReloadAssembly (161ms)
			ExecutionOrderSort (0ms)
			DisableScriptedObjects (5ms)
			BackupInstance (0ms)
			ReleaseScriptingObjects (0ms)
			CreateAndSetChildDomain (40ms)
		EndReloadAssembly (1446ms)
			LoadAssemblies (124ms)
			RebuildTransferFunctionScriptingTraits (0ms)
			SetupTypeCache (358ms)
			ReleaseScriptCaches (3ms)
			RebuildScriptCaches (82ms)
			SetupLoadedEditorAssemblies (762ms)
				LogAssemblyErrors (0ms)
				InitializePlatformSupportModulesInManaged (31ms)
				SetLoadedEditorAssemblies (1ms)
				RefreshPlugins (5ms)
				BeforeProcessingInitializeOnLoad (178ms)
				ProcessInitializeOnLoadAttributes (476ms)
				ProcessInitializeOnLoadMethodAttributes (55ms)
				AfterProcessingInitializeOnLoad (16ms)
				EditorAssembliesLoaded (0ms)
			ExecutionOrderSort2 (0ms)
			AwakeInstancesAfterBackupRestoration (15ms)
Platform modules already initialized, skipping
Shader 'Oculus/OVRMRCameraFrameLit': fallback shader 'Alpha-Diffuse' not found
Refreshing native plugins compatible for Editor in 15.39 ms, found 12 plugins.
Preloading 1 native plugins for Editor in 0.14 ms.
Unloading 5074 Unused Serialized files (Serialized files now loaded: 0)
Unloading 75 unused Assets / (0.8 MB). Loaded Objects now: 5659.
Memory consumption went from 257.1 MB to 256.3 MB.
Total: 9.840700 ms (FindLiveObjects: 0.907500 ms CreateObjectMapping: 0.813900 ms MarkObjects: 7.176100 ms  DeleteObjects: 0.941000 ms)

AssetImportParameters requested are different than current active one (requested -> active):
  custom:video-decoder-ogg-theora: a1e56fd34408186e4bbccfd4996cb3dc -> 
  custom:container-muxer-webm: aa71ff27fc2769a1b78a27578f13a17b -> 
  custom:container-demuxer-webm: 4f35f7cbe854078d1ac9338744f61a02 -> 
  custom:video-encoder-webm-vp8: eb34c28f22e8b96e1ab97ce403110664 -> 
  custom:video-codec-MediaFoundation-h265: 746d11721c4dcdbdad8f713fa42b33f4 -> 
  custom:audio-encoder-webm-vorbis: bf7c407c2cedff20999df2af8eb42d56 -> 
  custom:framework-win-MediaFoundation: 216162199b28c13a410421893ffa2e32 -> 
  custom:container-demuxer-ogg: 62fdf1f143b41e24485cea50d1cbac27 -> 
  custom:video-decoder-webm-vp8: 9c59270c3fd7afecdb556c50c9e8de78 -> 
  custom:audio-decoder-ogg-vorbis: bf7c407c2cedff20999df2af8eb42d56 -> 
========================================================================
Received Import Request.
  Time since last request: 116.885396 seconds.
  path: Assets/RedCube.prefab
  artifactKey: Guid(61eea7102a907494f8d6015a6a3076f3) Importer(815301076,1909f56bfc062723c751e8b465ee728b)
Start importing Assets/RedCube.prefab using Guid(61eea7102a907494f8d6015a6a3076f3) Importer(815301076,1909f56bfc062723c751e8b465ee728b)  -> (artifact id: 'bad048585055f1d089d38165bd1ac0c2') in 0.071768 seconds 
========================================================================
Received Import Request.
  Time since last request: 3.121254 seconds.
  path: Assets/RedCube.prefab
  artifactKey: Guid(61eea7102a907494f8d6015a6a3076f3) Importer(815301076,1909f56bfc062723c751e8b465ee728b)
Start importing Assets/RedCube.prefab using Guid(61eea7102a907494f8d6015a6a3076f3) Importer(815301076,1909f56bfc062723c751e8b465ee728b)  -> (artifact id: 'bb5bdf43833b86ac7c9f480c505dd114') in 0.013999 seconds 
========================================================================
Received Import Request.
  Time since last request: 2.002255 seconds.
  path: Assets/RedCube.prefab
  artifactKey: Guid(61eea7102a907494f8d6015a6a3076f3) Importer(815301076,1909f56bfc062723c751e8b465ee728b)
Start importing Assets/RedCube.prefab using Guid(61eea7102a907494f8d6015a6a3076f3) Importer(815301076,1909f56bfc062723c751e8b465ee728b)  -> (artifact id: 'e7156ea2dd44b0f00078dcf79fc66886') in 0.013470 seconds 
========================================================================
Received Import Request.
  Time since last request: 23.859009 seconds.
  path: Assets/RedCube.prefab
  artifactKey: Guid(61eea7102a907494f8d6015a6a3076f3) Importer(815301076,1909f56bfc062723c751e8b465ee728b)
Start importing Assets/RedCube.prefab using Guid(61eea7102a907494f8d6015a6a3076f3) Importer(815301076,1909f56bfc062723c751e8b465ee728b)  -> (artifact id: 'c99d25f66a5e4785d9d63f1117f5cd81') in 0.017204 seconds 
========================================================================
Received Import Request.
  Time since last request: 4.617637 seconds.
  path: Assets/RedCube.prefab
  artifactKey: Guid(61eea7102a907494f8d6015a6a3076f3) Importer(815301076,1909f56bfc062723c751e8b465ee728b)
Start importing Assets/RedCube.prefab using Guid(61eea7102a907494f8d6015a6a3076f3) Importer(815301076,1909f56bfc062723c751e8b465ee728b)  -> (artifact id: '3ab26c56388dd1cb3e8b07e4cab7fcb4') in 0.013713 seconds 
========================================================================
Received Import Request.
  Time since last request: 2.757433 seconds.
  path: Assets/RedCube.prefab
  artifactKey: Guid(61eea7102a907494f8d6015a6a3076f3) Importer(815301076,1909f56bfc062723c751e8b465ee728b)
Start importing Assets/RedCube.prefab using Guid(61eea7102a907494f8d6015a6a3076f3) Importer(815301076,1909f56bfc062723c751e8b465ee728b)  -> (artifact id: 'aefed45b31d0645ad7e5eeb757704aa8') in 0.016889 seconds 
========================================================================
Received Import Request.
  Time since last request: 12.600048 seconds.
  path: Assets/RedCube.prefab
  artifactKey: Guid(61eea7102a907494f8d6015a6a3076f3) Importer(815301076,1909f56bfc062723c751e8b465ee728b)
Start importing Assets/RedCube.prefab using Guid(61eea7102a907494f8d6015a6a3076f3) Importer(815301076,1909f56bfc062723c751e8b465ee728b)  -> (artifact id: 'd8e9334b99a248c4776186c0e3d54021') in 0.017521 seconds 
========================================================================
Received Import Request.
  Time since last request: 22.635723 seconds.
  path: Assets/RedCube.prefab
  artifactKey: Guid(61eea7102a907494f8d6015a6a3076f3) Importer(815301076,1909f56bfc062723c751e8b465ee728b)
Start importing Assets/RedCube.prefab using Guid(61eea7102a907494f8d6015a6a3076f3) Importer(815301076,1909f56bfc062723c751e8b465ee728b)  -> (artifact id: '2f583764ea06c3646c3428fdb432aba5') in 0.015529 seconds 
========================================================================
Received Import Request.
  Time since last request: 2.196936 seconds.
  path: Assets/RedCube.prefab
  artifactKey: Guid(61eea7102a907494f8d6015a6a3076f3) Importer(815301076,1909f56bfc062723c751e8b465ee728b)
Start importing Assets/RedCube.prefab using Guid(61eea7102a907494f8d6015a6a3076f3) Importer(815301076,1909f56bfc062723c751e8b465ee728b)  -> (artifact id: 'cc4fe41cf5d9a3b10165016c5c6fb95c') in 0.014688 seconds 
========================================================================
Received Import Request.
  Time since last request: 7.871611 seconds.
  path: Assets/RedCube.prefab
  artifactKey: Guid(61eea7102a907494f8d6015a6a3076f3) Importer(815301076,1909f56bfc062723c751e8b465ee728b)
Start importing Assets/RedCube.prefab using Guid(61eea7102a907494f8d6015a6a3076f3) Importer(815301076,1909f56bfc062723c751e8b465ee728b)  -> (artifact id: 'ac22a3877192dc85c6f7422f3756a1bf') in 0.014166 seconds 
========================================================================
Received Import Request.
  Time since last request: 4.411998 seconds.
  path: Assets/RedCube.prefab
  artifactKey: Guid(61eea7102a907494f8d6015a6a3076f3) Importer(815301076,1909f56bfc062723c751e8b465ee728b)
Start importing Assets/RedCube.prefab using Guid(61eea7102a907494f8d6015a6a3076f3) Importer(815301076,1909f56bfc062723c751e8b465ee728b)  -> (artifact id: '55540d21fd944a14694508454df0bb34') in 0.011723 seconds 
========================================================================
Received Import Request.
  Time since last request: 2.799264 seconds.
  path: Assets/RedCube.prefab
  artifactKey: Guid(61eea7102a907494f8d6015a6a3076f3) Importer(815301076,1909f56bfc062723c751e8b465ee728b)
Start importing Assets/RedCube.prefab using Guid(61eea7102a907494f8d6015a6a3076f3) Importer(815301076,1909f56bfc062723c751e8b465ee728b)  -> (artifact id: '7a862ddaf947d592777d91cfcd213bed') in 0.013618 seconds 
========================================================================
Received Import Request.
  Time since last request: 16.175692 seconds.
  path: Assets/RedCube.prefab
  artifactKey: Guid(61eea7102a907494f8d6015a6a3076f3) Importer(815301076,1909f56bfc062723c751e8b465ee728b)
Start importing Assets/RedCube.prefab using Guid(61eea7102a907494f8d6015a6a3076f3) Importer(815301076,1909f56bfc062723c751e8b465ee728b)  -> (artifact id: 'f7faabdd857c815b89e99a1dc60c7ea4') in 0.013440 seconds 
========================================================================
Received Import Request.
  Time since last request: 1.388783 seconds.
  path: Assets/RedCube.prefab
  artifactKey: Guid(61eea7102a907494f8d6015a6a3076f3) Importer(815301076,1909f56bfc062723c751e8b465ee728b)
Start importing Assets/RedCube.prefab using Guid(61eea7102a907494f8d6015a6a3076f3) Importer(815301076,1909f56bfc062723c751e8b465ee728b)  -> (artifact id: 'f9a6c5930550c7f5b6dcb0a3cf0dede3') in 0.013879 seconds 
========================================================================
Received Import Request.
  Time since last request: 8.265892 seconds.
  path: Assets/RedCube.prefab
  artifactKey: Guid(61eea7102a907494f8d6015a6a3076f3) Importer(815301076,1909f56bfc062723c751e8b465ee728b)
Start importing Assets/RedCube.prefab using Guid(61eea7102a907494f8d6015a6a3076f3) Importer(815301076,1909f56bfc062723c751e8b465ee728b)  -> (artifact id: 'cb360e2769118372fd1da7e38463673d') in 0.012616 seconds 
========================================================================
Received Import Request.
  Time since last request: 2.805400 seconds.
  path: Assets/RedCube.prefab
  artifactKey: Guid(61eea7102a907494f8d6015a6a3076f3) Importer(815301076,1909f56bfc062723c751e8b465ee728b)
Start importing Assets/RedCube.prefab using Guid(61eea7102a907494f8d6015a6a3076f3) Importer(815301076,1909f56bfc062723c751e8b465ee728b)  -> (artifact id: 'c4080a08882f5f71ea933af8ed927080') in 0.013514 seconds 
========================================================================
Received Import Request.
  Time since last request: 3.806519 seconds.
  path: Assets/RedCube.prefab
  artifactKey: Guid(61eea7102a907494f8d6015a6a3076f3) Importer(815301076,1909f56bfc062723c751e8b465ee728b)
Start importing Assets/RedCube.prefab using Guid(61eea7102a907494f8d6015a6a3076f3) Importer(815301076,1909f56bfc062723c751e8b465ee728b)  -> (artifact id: 'f5c17e7feabd61238940bba4adce40ba') in 0.014978 seconds 
========================================================================
Received Import Request.
  Time since last request: 8.058845 seconds.
  path: Assets/RedCube.prefab
  artifactKey: Guid(61eea7102a907494f8d6015a6a3076f3) Importer(815301076,1909f56bfc062723c751e8b465ee728b)
Start importing Assets/RedCube.prefab using Guid(61eea7102a907494f8d6015a6a3076f3) Importer(815301076,1909f56bfc062723c751e8b465ee728b)  -> (artifact id: '7edd0c0c1887e1c1d6a0ffe96b9bdfba') in 0.016051 seconds 
========================================================================
Received Import Request.
  Time since last request: 5.436174 seconds.
  path: Assets/RedCube.prefab
  artifactKey: Guid(61eea7102a907494f8d6015a6a3076f3) Importer(815301076,1909f56bfc062723c751e8b465ee728b)
Start importing Assets/RedCube.prefab using Guid(61eea7102a907494f8d6015a6a3076f3) Importer(815301076,1909f56bfc062723c751e8b465ee728b)  -> (artifact id: '4b1e597ee89ff8a643a4032b42708be5') in 0.013501 seconds 
========================================================================
Received Import Request.
  Time since last request: 12.501770 seconds.
  path: Assets/RedCube.prefab
  artifactKey: Guid(61eea7102a907494f8d6015a6a3076f3) Importer(815301076,1909f56bfc062723c751e8b465ee728b)
Start importing Assets/RedCube.prefab using Guid(61eea7102a907494f8d6015a6a3076f3) Importer(815301076,1909f56bfc062723c751e8b465ee728b)  -> (artifact id: '07ae51934aa67bce715562620e1fa2e9') in 0.013550 seconds 
========================================================================
Received Import Request.
  Time since last request: 5.828594 seconds.
  path: Assets/RedCube.prefab
  artifactKey: Guid(61eea7102a907494f8d6015a6a3076f3) Importer(815301076,1909f56bfc062723c751e8b465ee728b)
Start importing Assets/RedCube.prefab using Guid(61eea7102a907494f8d6015a6a3076f3) Importer(815301076,1909f56bfc062723c751e8b465ee728b)  -> (artifact id: 'bd18ac94dd656ad0f1bfb374ebb4e5f4') in 0.011954 seconds 
========================================================================
Received Import Request.
  Time since last request: 7.261477 seconds.
  path: Assets/RedCube.prefab
  artifactKey: Guid(61eea7102a907494f8d6015a6a3076f3) Importer(815301076,1909f56bfc062723c751e8b465ee728b)
Start importing Assets/RedCube.prefab using Guid(61eea7102a907494f8d6015a6a3076f3) Importer(815301076,1909f56bfc062723c751e8b465ee728b)  -> (artifact id: '798035e260c22976793605d2c61dea0b') in 0.013025 seconds 
========================================================================
Received Import Request.
  Time since last request: 1.587973 seconds.
  path: Assets/RedCube.prefab
  artifactKey: Guid(61eea7102a907494f8d6015a6a3076f3) Importer(815301076,1909f56bfc062723c751e8b465ee728b)
Start importing Assets/RedCube.prefab using Guid(61eea7102a907494f8d6015a6a3076f3) Importer(815301076,1909f56bfc062723c751e8b465ee728b)  -> (artifact id: 'fe105a39a824a1463d103285e9c0e8af') in 0.012748 seconds 
========================================================================
Received Import Request.
  Time since last request: 2.440260 seconds.
  path: Assets/RedCube.prefab
  artifactKey: Guid(61eea7102a907494f8d6015a6a3076f3) Importer(815301076,1909f56bfc062723c751e8b465ee728b)
Start importing Assets/RedCube.prefab using Guid(61eea7102a907494f8d6015a6a3076f3) Importer(815301076,1909f56bfc062723c751e8b465ee728b)  -> (artifact id: '2597f8802f28e31206ad2549dd1fca2a') in 0.018136 seconds 
========================================================================
Received Import Request.
  Time since last request: 1.954577 seconds.
  path: Assets/RedCube.prefab
  artifactKey: Guid(61eea7102a907494f8d6015a6a3076f3) Importer(815301076,1909f56bfc062723c751e8b465ee728b)
Start importing Assets/RedCube.prefab using Guid(61eea7102a907494f8d6015a6a3076f3) Importer(815301076,1909f56bfc062723c751e8b465ee728b)  -> (artifact id: 'eec3e7f43f78aa51e747969a07bc8b39') in 0.013291 seconds 
========================================================================
Received Import Request.
  Time since last request: 6.084488 seconds.
  path: Assets/RedCube.prefab
  artifactKey: Guid(61eea7102a907494f8d6015a6a3076f3) Importer(815301076,1909f56bfc062723c751e8b465ee728b)
Start importing Assets/RedCube.prefab using Guid(61eea7102a907494f8d6015a6a3076f3) Importer(815301076,1909f56bfc062723c751e8b465ee728b)  -> (artifact id: 'f9948e83153363d904a45477da1fd190') in 0.012597 seconds 
========================================================================
Received Import Request.
  Time since last request: 7.246567 seconds.
  path: Assets/RedCube.prefab
  artifactKey: Guid(61eea7102a907494f8d6015a6a3076f3) Importer(815301076,1909f56bfc062723c751e8b465ee728b)
Start importing Assets/RedCube.prefab using Guid(61eea7102a907494f8d6015a6a3076f3) Importer(815301076,1909f56bfc062723c751e8b465ee728b)  -> (artifact id: '9d34c662b6a81f4e9afa36c6b84baf1c') in 0.015006 seconds 
========================================================================
Received Import Request.
  Time since last request: 10.066131 seconds.
  path: Assets/RedCube.prefab
  artifactKey: Guid(61eea7102a907494f8d6015a6a3076f3) Importer(815301076,1909f56bfc062723c751e8b465ee728b)
Start importing Assets/RedCube.prefab using Guid(61eea7102a907494f8d6015a6a3076f3) Importer(815301076,1909f56bfc062723c751e8b465ee728b)  -> (artifact id: '1b13968e706f252ef935af8b2833ff35') in 0.013646 seconds 
========================================================================
Received Import Request.
  Time since last request: 3.650580 seconds.
  path: Assets/RedCube.prefab
  artifactKey: Guid(61eea7102a907494f8d6015a6a3076f3) Importer(815301076,1909f56bfc062723c751e8b465ee728b)
Start importing Assets/RedCube.prefab using Guid(61eea7102a907494f8d6015a6a3076f3) Importer(815301076,1909f56bfc062723c751e8b465ee728b)  -> (artifact id: '34e8fd3a5aab94df93f7cc731944c21f') in 0.014028 seconds 
========================================================================
Received Import Request.
  Time since last request: 4.855941 seconds.
  path: Assets/RedCube.prefab
  artifactKey: Guid(61eea7102a907494f8d6015a6a3076f3) Importer(815301076,1909f56bfc062723c751e8b465ee728b)
Start importing Assets/RedCube.prefab using Guid(61eea7102a907494f8d6015a6a3076f3) Importer(815301076,1909f56bfc062723c751e8b465ee728b)  -> (artifact id: 'abb6affa7c749698234b9a8364601e17') in 0.014325 seconds 
========================================================================
Received Import Request.
  Time since last request: 1.207127 seconds.
  path: Assets/RedCube.prefab
  artifactKey: Guid(61eea7102a907494f8d6015a6a3076f3) Importer(815301076,1909f56bfc062723c751e8b465ee728b)
Start importing Assets/RedCube.prefab using Guid(61eea7102a907494f8d6015a6a3076f3) Importer(815301076,1909f56bfc062723c751e8b465ee728b)  -> (artifact id: 'c39e5c1982c9d90c1612e7047606bb27') in 0.016355 seconds 
========================================================================
Received Import Request.
  Time since last request: 4.591623 seconds.
  path: Assets/RedCube.prefab
  artifactKey: Guid(61eea7102a907494f8d6015a6a3076f3) Importer(815301076,1909f56bfc062723c751e8b465ee728b)
Start importing Assets/RedCube.prefab using Guid(61eea7102a907494f8d6015a6a3076f3) Importer(815301076,1909f56bfc062723c751e8b465ee728b)  -> (artifact id: '3bd4bfbefbacaf85be86d1af58595e20') in 0.013587 seconds 
========================================================================
Received Import Request.
  Time since last request: 7.061049 seconds.
  path: Assets/RedCube.prefab
  artifactKey: Guid(61eea7102a907494f8d6015a6a3076f3) Importer(815301076,1909f56bfc062723c751e8b465ee728b)
Start importing Assets/RedCube.prefab using Guid(61eea7102a907494f8d6015a6a3076f3) Importer(815301076,1909f56bfc062723c751e8b465ee728b)  -> (artifact id: '0ef977cb4670b6e403a4b05acedacc3e') in 0.013151 seconds 
========================================================================
Received Import Request.
  Time since last request: 53.863679 seconds.
  path: Assets/RedCube.prefab
  artifactKey: Guid(61eea7102a907494f8d6015a6a3076f3) Importer(815301076,1909f56bfc062723c751e8b465ee728b)
Start importing Assets/RedCube.prefab using Guid(61eea7102a907494f8d6015a6a3076f3) Importer(815301076,1909f56bfc062723c751e8b465ee728b)  -> (artifact id: '821da0bdfe76bf15d1b543494c09991a') in 0.012932 seconds 
========================================================================
Received Import Request.
  Time since last request: 4.644702 seconds.
  path: Assets/RedCube.prefab
  artifactKey: Guid(61eea7102a907494f8d6015a6a3076f3) Importer(815301076,1909f56bfc062723c751e8b465ee728b)
Start importing Assets/RedCube.prefab using Guid(61eea7102a907494f8d6015a6a3076f3) Importer(815301076,1909f56bfc062723c751e8b465ee728b)  -> (artifact id: '56c5e6e58273f574b3b1e62f5825a41f') in 0.013779 seconds 
========================================================================
Received Import Request.
  Time since last request: 2.408532 seconds.
  path: Assets/RedCube.prefab
  artifactKey: Guid(61eea7102a907494f8d6015a6a3076f3) Importer(815301076,1909f56bfc062723c751e8b465ee728b)
Start importing Assets/RedCube.prefab using Guid(61eea7102a907494f8d6015a6a3076f3) Importer(815301076,1909f56bfc062723c751e8b465ee728b)  -> (artifact id: 'e708bfb7458d776d6ab0bbe90d0a36d7') in 0.012402 seconds 
========================================================================
Received Import Request.
  Time since last request: 1.824638 seconds.
  path: Assets/RedCube.prefab
  artifactKey: Guid(61eea7102a907494f8d6015a6a3076f3) Importer(815301076,1909f56bfc062723c751e8b465ee728b)
Start importing Assets/RedCube.prefab using Guid(61eea7102a907494f8d6015a6a3076f3) Importer(815301076,1909f56bfc062723c751e8b465ee728b)  -> (artifact id: '166249654e096638d23cd9d0138a2a62') in 0.015897 seconds 
========================================================================
Received Import Request.
  Time since last request: 10.282019 seconds.
  path: Assets/RedCube.prefab
  artifactKey: Guid(61eea7102a907494f8d6015a6a3076f3) Importer(815301076,1909f56bfc062723c751e8b465ee728b)
Start importing Assets/RedCube.prefab using Guid(61eea7102a907494f8d6015a6a3076f3) Importer(815301076,1909f56bfc062723c751e8b465ee728b)  -> (artifact id: 'b4db80d40762fb154073656c70a6a513') in 0.013903 seconds 
========================================================================
Received Import Request.
  Time since last request: 28.915761 seconds.
  path: Assets/RedCube.prefab
  artifactKey: Guid(61eea7102a907494f8d6015a6a3076f3) Importer(815301076,1909f56bfc062723c751e8b465ee728b)
Start importing Assets/RedCube.prefab using Guid(61eea7102a907494f8d6015a6a3076f3) Importer(815301076,1909f56bfc062723c751e8b465ee728b)  -> (artifact id: 'c9db72d17dd0ea1a08bd773ede9ae514') in 0.013751 seconds 
========================================================================
Received Import Request.
  Time since last request: 4.149864 seconds.
  path: Assets/RedCube.prefab
  artifactKey: Guid(61eea7102a907494f8d6015a6a3076f3) Importer(815301076,1909f56bfc062723c751e8b465ee728b)
Start importing Assets/RedCube.prefab using Guid(61eea7102a907494f8d6015a6a3076f3) Importer(815301076,1909f56bfc062723c751e8b465ee728b)  -> (artifact id: '51aced9e583241faa2a5997526082245') in 0.016011 seconds 
========================================================================
Received Import Request.
  Time since last request: 3.361925 seconds.
  path: Assets/RedCube.prefab
  artifactKey: Guid(61eea7102a907494f8d6015a6a3076f3) Importer(815301076,1909f56bfc062723c751e8b465ee728b)
Start importing Assets/RedCube.prefab using Guid(61eea7102a907494f8d6015a6a3076f3) Importer(815301076,1909f56bfc062723c751e8b465ee728b)  -> (artifact id: '4378443209ee9efd31447cd92489b33d') in 0.014205 seconds 
========================================================================
Received Import Request.
  Time since last request: 12.855212 seconds.
  path: Assets/RedCube.prefab
  artifactKey: Guid(61eea7102a907494f8d6015a6a3076f3) Importer(815301076,1909f56bfc062723c751e8b465ee728b)
Start importing Assets/RedCube.prefab using Guid(61eea7102a907494f8d6015a6a3076f3) Importer(815301076,1909f56bfc062723c751e8b465ee728b)  -> (artifact id: 'e67f119c671bcb886b4d8ff8e825bd7d') in 0.030249 seconds 
========================================================================
Received Prepare
Registering precompiled user dll's ...
Registered in 0.014055 seconds.
Begin MonoManager ReloadAssembly
Symbol file LoadedFromMemory doesn't match image C:\Users\Lenovo\Desktop\Beatsaber VR Project\Library\PackageCache\com.unity.visualscripting@1.7.6\Editor\VisualScripting.Core\Dependencies\DotNetZip\Unity.VisualScripting.IonicZip.dll
Symbol file LoadedFromMemory doesn't match image C:\Users\Lenovo\Desktop\Beatsaber VR Project\Library\PackageCache\com.unity.visualscripting@1.7.6\Editor\VisualScripting.Core\Dependencies\YamlDotNet\Unity.VisualScripting.YamlDotNet.dll
Native extension for WindowsStandalone target not found
Native extension for WebGL target not found
Refreshing native plugins compatible for Editor in 2.36 ms, found 12 plugins.
Preloading 1 native plugins for Editor in 0.23 ms.
Mono: successfully reloaded assembly
- Completed reload, in  1.724 seconds
Domain Reload Profiling:
	ReloadAssembly (1725ms)
		BeginReloadAssembly (154ms)
			ExecutionOrderSort (0ms)
			DisableScriptedObjects (4ms)
			BackupInstance (0ms)
			ReleaseScriptingObjects (0ms)
			CreateAndSetChildDomain (43ms)
		EndReloadAssembly (1458ms)
			LoadAssemblies (121ms)
			RebuildTransferFunctionScriptingTraits (0ms)
			SetupTypeCache (350ms)
			ReleaseScriptCaches (2ms)
			RebuildScriptCaches (91ms)
			SetupLoadedEditorAssemblies (739ms)
				LogAssemblyErrors (0ms)
				InitializePlatformSupportModulesInManaged (30ms)
				SetLoadedEditorAssemblies (1ms)
				RefreshPlugins (3ms)
				BeforeProcessingInitializeOnLoad (153ms)
				ProcessInitializeOnLoadAttributes (466ms)
				ProcessInitializeOnLoadMethodAttributes (69ms)
				AfterProcessingInitializeOnLoad (17ms)
				EditorAssembliesLoaded (0ms)
			ExecutionOrderSort2 (0ms)
			AwakeInstancesAfterBackupRestoration (16ms)
Platform modules already initialized, skipping
Shader 'Oculus/OVRMRCameraFrameLit': fallback shader 'Alpha-Diffuse' not found
Refreshing native plugins compatible for Editor in 15.74 ms, found 12 plugins.
Preloading 1 native plugins for Editor in 0.25 ms.
Unloading 5074 Unused Serialized files (Serialized files now loaded: 0)
Unloading 75 unused Assets / (0.8 MB). Loaded Objects now: 5664.
Memory consumption went from 257.2 MB to 256.4 MB.
Total: 10.119900 ms (FindLiveObjects: 0.753600 ms CreateObjectMapping: 0.814000 ms MarkObjects: 6.886300 ms  DeleteObjects: 1.664100 ms)

AssetImportParameters requested are different than current active one (requested -> active):
  custom:video-decoder-ogg-theora: a1e56fd34408186e4bbccfd4996cb3dc -> 
  custom:container-muxer-webm: aa71ff27fc2769a1b78a27578f13a17b -> 
  custom:container-demuxer-webm: 4f35f7cbe854078d1ac9338744f61a02 -> 
  custom:video-encoder-webm-vp8: eb34c28f22e8b96e1ab97ce403110664 -> 
  custom:video-codec-MediaFoundation-h265: 746d11721c4dcdbdad8f713fa42b33f4 -> 
  custom:audio-encoder-webm-vorbis: bf7c407c2cedff20999df2af8eb42d56 -> 
  custom:framework-win-MediaFoundation: 216162199b28c13a410421893ffa2e32 -> 
  custom:container-demuxer-ogg: 62fdf1f143b41e24485cea50d1cbac27 -> 
  custom:video-decoder-webm-vp8: 9c59270c3fd7afecdb556c50c9e8de78 -> 
  custom:audio-decoder-ogg-vorbis: bf7c407c2cedff20999df2af8eb42d56 -> 
